INFO:PROCESSINGINFO:READING_STARTED:ITEM_READ:2023-01-26T14:18:12.712-0800:301454EC1C00010000000013ITEM_READ:2023-01-26T14:18:12.712-0800:301454EC1C00004000000074ITEM_READ:2023-01-26T14:18:12.713-0800:301454EC1C0000C000000120ITEM_READ:2023-01-26T14:18:12.713-0800:301454EC1C00004000000056ITEM_READ:2023-01-26T14:18:12.713-0800:301454EC1C00004000000059ITEM_READ:2023-01-26T14:18:12.713-0800:301454EC1C0000C000000024ITEM_READ:2023-01-26T14:18:12.714-0800:301454EC1C0000C0000000E2ITEM_READ:2023-01-26T14:18:12.714-0800:301454EC1C0001000000000DITEM_READ:2023-01-26T14:18:12.714-0800:301454EC1C0000C000000107ITEM_READ:2023-01-26T14:18:12.714-0800:301454EC1C0000400000006BITEM_READ:2023-01-26T14:18:12.714-0800:301454EC1C00004000000011ITEM_READ:2023-01-26T14:18:12.714-0800:301454EC1C0000400000004FITEM_READ:2023-01-26T14:18:12.714-0800:301454EC1C0000C000000112ITEM_READ:2023-01-26T14:18:12.714-0800:301454EC1C00004000000061ITEM_READ:2023-01-26T14:18:12.717-0800:301454EC1C00004000000065ITEM_READ:2023-01-26T14:18:12.717-0800:301454EC1C00004000000054ITEM_READ:2023-01-26T14:18:12.717-0800:301454EC1C0000800000002FITEM_READ:2023-01-26T14:18:12.717-0800:301454EC1C0000400000004EITEM_READ:2023-01-26T14:18:12.717-0800:301454EC1C00004000000046ITEM_READ:2023-01-26T14:18:12.717-0800:301454EC1C0000400000005DITEM_READ:2023-01-26T14:18:12.717-0800:3119612040000029CD000000ITEM_READ:2023-01-26T14:18:12.717-0800:301454EC1C0000400000005FITEM_READ:2023-01-26T14:18:12.717-0800:301454EC1C0001000000001AITEM_READ:2023-01-26T14:18:12.717-0800:301454EC1C0000C00000011BITEM_READ:2023-01-26T14:18:12.717-0800:301454EC1C0000C0000000F1ITEM_READ:2023-01-26T14:18:12.717-0800:301454EC1C00004000000048ITEM_READ:2023-01-26T14:18:12.717-0800:301454EC1C00010000000039ITEM_READ:2023-01-26T14:18:12.717-0800:301454EC1C00010000000015ITEM_READ:2023-01-26T14:18:12.717-0800:301454EC1C00008000000033ITEM_READ:2023-01-26T14:18:12.717-0800:301454EC1C0001000000001CITEM_READ:2023-01-26T14:18:12.720-0800:301454EC1C0000400000006EITEM_READ:2023-01-26T14:18:12.720-0800:301454EC1C00010000000027ITEM_READ:2023-01-26T14:18:12.720-0800:301454EC1C0000400000004DITEM_READ:2023-01-26T14:18:12.720-0800:301454EC1C00004000000041ITEM_READ:2023-01-26T14:18:12.720-0800:301454EC1C0000400000006CITEM_READ:2023-01-26T14:18:12.720-0800:301454EC1C00008000000037ITEM_READ:2023-01-26T14:18:12.720-0800:301454EC1C00008000000016ITEM_READ:2023-01-26T14:18:12.720-0800:301454EC1C0000400000003DITEM_READ:2023-01-26T14:18:12.865-0800:301454EC1C0000C0000000DBITEM_READ:2023-01-26T14:18:12.865-0800:301454EC1C0000800000003BITEM_READ:2023-01-26T14:18:12.865-0800:301454EC1C0000800000001AITEM_READ:2023-01-26T14:18:12.865-0800:301454EC1C0000800000003CITEM_READ:2023-01-26T14:18:12.865-0800:301454EC1C0000400000006DITEM_READ:2023-01-26T14:18:12.865-0800:301454EC1C00010000000014ITEM_READ:2023-01-26T14:18:12.865-0800:301454EC1C00010000000032ITEM_READ:2023-01-26T14:18:12.865-0800:301454EC1C0000C000000103ITEM_READ:2023-01-26T14:18:12.865-0800:301454EC1C0000C000000044ITEM_READ:2023-01-26T14:18:12.865-0800:301454EC1C0001000000003AITEM_READ:2023-01-26T14:18:12.865-0800:301454EC1C00010000000008ITEM_READ:2023-01-26T14:18:12.922-0800:301454EC1C00010000000022ITEM_READ:2023-01-26T14:18:12.922-0800:301454EC1C0000800000001FITEM_READ:2023-01-26T14:18:12.922-0800:301454EC1C00010000000003ITEM_READ:2023-01-26T14:18:12.922-0800:301454EC1C00010000000028ITEM_READ:2023-01-26T14:18:12.922-0800:301454EC1C00010000000016ITEM_READ:2023-01-26T14:18:12.922-0800:301454EC1C00004000000039ITEM_READ:2023-01-26T14:18:12.922-0800:301454EC1C00010000000018ITEM_READ:2023-01-26T14:18:12.922-0800:301454EC1C00004000000037ITEM_READ:2023-01-26T14:18:12.922-0800:301454EC1C0000400000007AITEM_READ:2023-01-26T14:18:12.922-0800:301454EC1C0001000000002BITEM_READ:2023-01-26T14:18:12.922-0800:301454EC1C00004000000062ITEM_READ:2023-01-26T14:18:12.922-0800:301454EC1C00010000000030ITEM_READ:2023-01-26T14:18:12.922-0800:301454EC1C00004000000053ITEM_READ:2023-01-26T14:18:12.922-0800:301454EC1C00010000000034ITEM_READ:2023-01-26T14:18:12.922-0800:301454EC1C0001000000003CITEM_READ:2023-01-26T14:18:12.925-0800:301454EC1C00010000000035ITEM_READ:2023-01-26T14:18:12.925-0800:301454EC1C0000C000000030ITEM_READ:2023-01-26T14:18:12.925-0800:301454EC1C00008000000006ITEM_READ:2023-01-26T14:18:12.925-0800:301454EC1C0000400000003EITEM_READ:2023-01-26T14:18:12.925-0800:301454EC1C00008000000013ITEM_READ:2023-01-26T14:18:12.925-0800:301454EC1C00010000000001ITEM_READ:2023-01-26T14:18:12.925-0800:301454EC1C0000800000000CITEM_READ:2023-01-26T14:18:12.925-0800:301454EC1C00008000000030ITEM_READ:2023-01-26T14:18:12.925-0800:301454EC1C0001000000002DITEM_READ:2023-01-26T14:18:12.925-0800:301454EC1C00010000000019ITEM_READ:2023-01-26T14:18:12.925-0800:301454EC1C0001000000000AITEM_READ:2023-01-26T14:18:12.925-0800:301454EC1C00010000000023ITEM_READ:2023-01-26T14:18:12.925-0800:301454EC1C00004000000069ITEM_READ:2023-01-26T14:18:13.053-0800:301454EC1C0001000000001FITEM_READ:2023-01-26T14:18:13.053-0800:301454EC1C0000C0000000E7ITEM_READ:2023-01-26T14:18:13.053-0800:301454EC1C0001000000003BITEM_READ:2023-01-26T14:18:13.053-0800:301454EC1C00008000000007ITEM_READ:2023-01-26T14:18:13.053-0800:301454EC1C00010000000025ITEM_READ:2023-01-26T14:18:13.053-0800:301454EC1C0000C000000036ITEM_READ:2023-01-26T14:18:13.053-0800:301454EC1C0000C00000000EITEM_READ:2023-01-26T14:18:13.053-0800:301454EC1C0000800000002CITEM_READ:2023-01-26T14:18:13.053-0800:301454EC1C00004000000009ITEM_READ:2023-01-26T14:18:13.053-0800:301454EC1C00008000000018ITEM_READ:2023-01-26T14:18:13.053-0800:301454EC1C00008000000008ITEM_READ:2023-01-26T14:18:13.053-0800:301454EC1C0000C00000002BITEM_READ:2023-01-26T14:18:13.053-0800:301454EC1C00004000000079ITEM_READ:2023-01-26T14:18:13.053-0800:301454EC1C0000C00000003BITEM_READ:2023-01-26T14:18:13.053-0800:301454EC1C00004000000042ITEM_READ:2023-01-26T14:18:13.055-0800:301454EC1C0000C000000026ITEM_READ:2023-01-26T14:18:13.055-0800:301454EC1C0000C000000015ITEM_READ:2023-01-26T14:18:13.055-0800:301454EC1C0001000000000CITEM_READ:2023-01-26T14:18:13.055-0800:301454EC1C0000C000000111ITEM_READ:2023-01-26T14:18:13.055-0800:301454EC1C00008000000026ITEM_READ:2023-01-26T14:18:13.055-0800:301454EC1C00010000000020ITEM_READ:2023-01-26T14:18:13.055-0800:301454EC1C0000C00000001DITEM_READ:2023-01-26T14:18:13.055-0800:301454EC1C0000C00000003EITEM_READ:2023-01-26T14:18:13.055-0800:301454EC1C0000C000000114ITEM_READ:2023-01-26T14:18:13.055-0800:301454EC1C0000400000004CITEM_READ:2023-01-26T14:18:13.055-0800:301454EC1C0000C0000000F2ITEM_READ:2023-01-26T14:18:13.055-0800:301454EC1C0000800000001BITEM_READ:2023-01-26T14:18:13.188-0800:301454EC1C00004000000006ITEM_READ:2023-01-26T14:18:13.188-0800:301454EC1C00010000000031ITEM_READ:2023-01-26T14:18:13.188-0800:301454EC1C0000C0000000EBITEM_READ:2023-01-26T14:18:13.188-0800:301454EC1C0000800000000FITEM_READ:2023-01-26T14:18:13.188-0800:301454EC1C0000400000004BITEM_READ:2023-01-26T14:18:13.188-0800:301454EC1C00008000000009ITEM_READ:2023-01-26T14:18:13.188-0800:301454EC1C00004000000052ITEM_READ:2023-01-26T14:18:13.188-0800:301454EC1C00008000000029ITEM_READ:2023-01-26T14:18:13.188-0800:301454EC1C00004000000071ITEM_READ:2023-01-26T14:18:13.188-0800:301454EC1C00004000000058ITEM_READ:2023-01-26T14:18:13.188-0800:301454EC1C0000C00000011EITEM_READ:2023-01-26T14:18:13.188-0800:301454EC1C00008000000003ITEM_READ:2023-01-26T14:18:13.324-0800:301454EC1C0000400000005CITEM_READ:2023-01-26T14:18:13.324-0800:301454EC1C0000C0000000D9ITEM_READ:2023-01-26T14:18:13.324-0800:301454EC1C0000400000005BITEM_READ:2023-01-26T14:18:13.324-0800:301454EC1C0000400000005EITEM_READ:2023-01-26T14:18:13.324-0800:301454EC1C00008000000021ITEM_READ:2023-01-26T14:18:13.324-0800:301454EC1C0000C0000000ECITEM_READ:2023-01-26T14:18:13.324-0800:301454EC1C00004000000057ITEM_READ:2023-01-26T14:18:13.324-0800:301454EC1C0000400000003BITEM_READ:2023-01-26T14:18:13.324-0800:301454EC1C00008000000020ITEM_READ:2023-01-26T14:18:13.324-0800:301454EC1C0000C000000033ITEM_READ:2023-01-26T14:18:13.324-0800:301454EC1C00004000000051ITEM_READ:2023-01-26T14:18:13.324-0800:301454EC1C00004000000047ITEM_READ:2023-01-26T14:18:13.324-0800:301454EC1C00004000000049ITEM_READ:2023-01-26T14:18:13.324-0800:301454EC1C0000C0000000FBITEM_READ:2023-01-26T14:18:13.324-0800:301454EC1C0001000000002AITEM_READ:2023-01-26T14:18:13.329-0800:301454EC1C0000C000000018ITEM_READ:2023-01-26T14:18:13.329-0800:301454EC1C0000C0000000FFITEM_READ:2023-01-26T14:18:13.329-0800:301454EC1C0000800000000DITEM_READ:2023-01-26T14:18:13.329-0800:301454EC1C00010000000011ITEM_READ:2023-01-26T14:18:13.329-0800:301454EC1C00004000000005ITEM_READ:2023-01-26T14:18:13.329-0800:301454EC1C00004000000044ITEM_READ:2023-01-26T14:18:13.329-0800:301454EC1C00004000000064ITEM_READ:2023-01-26T14:18:13.329-0800:301454EC1C0000C000000117ITEM_READ:2023-01-26T14:18:13.329-0800:301454EC1C0000C000000031ITEM_READ:2023-01-26T14:18:13.329-0800:301454EC1C0001000000001EITEM_READ:2023-01-26T14:18:13.329-0800:301454EC1C0000C0000000E1ITEM_READ:2023-01-26T14:18:13.329-0800:301454EC1C0000400000003CITEM_READ:2023-01-26T14:18:13.329-0800:301454EC1C00010000000002ITEM_READ:2023-01-26T14:18:13.329-0800:301454EC1C0000400000003FITEM_READ:2023-01-26T14:18:13.329-0800:301454EC1C0000C0000000FDITEM_READ:2023-01-26T14:18:13.329-0800:301454EC1C00004000000063ITEM_READ:2023-01-26T14:18:13.329-0800:301454EC1C0000C0000000E9ITEM_READ:2023-01-26T14:18:13.329-0800:301454EC1C0000C000000039ITEM_READ:2023-01-26T14:18:13.329-0800:301454EC1C0000400000000BITEM_READ:2023-01-26T14:18:13.329-0800:301454EC1C0000C00000002AITEM_READ:2023-01-26T14:18:13.329-0800:301454EC1C00008000000024ITEM_READ:2023-01-26T14:18:13.329-0800:301454EC1C0001000000000FITEM_READ:2023-01-26T14:18:13.329-0800:301454EC1C0000C0000000F6ITEM_READ:2023-01-26T14:18:13.329-0800:301454EC1C0000C00000000DITEM_READ:2023-01-26T14:18:13.329-0800:301454EC1C0000C000000118ITEM_READ:2023-01-26T14:18:13.329-0800:301454EC1C0000C0000000E6ITEM_READ:2023-01-26T14:18:13.534-0800:301454EC1C0000C0000000E3ITEM_READ:2023-01-26T14:18:13.534-0800:301454EC1C0000800000000AITEM_READ:2023-01-26T14:18:13.534-0800:301454EC1C0000800000002DITEM_READ:2023-01-26T14:18:13.534-0800:301454EC1C0000C0000000FAITEM_READ:2023-01-26T14:18:13.534-0800:301454EC1C00008000000017ITEM_READ:2023-01-26T14:18:13.534-0800:301454EC1C0000C0000000F5ITEM_READ:2023-01-26T14:18:13.534-0800:301454EC1C00004000000055ITEM_READ:2023-01-26T14:18:13.534-0800:301454EC1C0000C000000047ITEM_READ:2023-01-26T14:18:13.534-0800:301454EC1C00010000000036ITEM_READ:2023-01-26T14:18:13.534-0800:301454EC1C00008000000019ITEM_READ:2023-01-26T14:18:13.534-0800:301454EC1C00008000000038ITEM_READ:2023-01-26T14:18:13.534-0800:301454EC1C00008000000012ITEM_READ:2023-01-26T14:18:13.534-0800:301454EC1C00008000000001ITEM_READ:2023-01-26T14:18:13.534-0800:301454EC1C00010000000033ITEM_READ:2023-01-26T14:18:13.534-0800:301454EC1C00010000000037ITEM_READ:2023-01-26T14:18:13.541-0800:301454EC1C00010000000021ITEM_READ:2023-01-26T14:18:13.541-0800:301454EC1C0000C0000000F7ITEM_READ:2023-01-26T14:18:13.541-0800:301454EC1C0000C00000002DITEM_READ:2023-01-26T14:18:13.541-0800:301454EC1C00004000000043ITEM_READ:2023-01-26T14:18:13.541-0800:301454EC1C00008000000035ITEM_READ:2023-01-26T14:18:13.541-0800:301454EC1C00010000000010ITEM_READ:2023-01-26T14:18:13.541-0800:301454EC1C0000C000000110ITEM_READ:2023-01-26T14:18:13.541-0800:301454EC1C0000C000000046ITEM_READ:2023-01-26T14:18:13.541-0800:301454EC1C00010000000012ITEM_READ:2023-01-26T14:18:13.541-0800:301454EC1C00008000000027ITEM_READ:2023-01-26T14:18:13.541-0800:301454EC1C0000800000001CITEM_READ:2023-01-26T14:18:13.541-0800:301454EC1C0000C00000003DITEM_READ:2023-01-26T14:18:13.541-0800:301454EC1C0000400000004AITEM_READ:2023-01-26T14:18:13.541-0800:301454EC1C00008000000005ITEM_READ:2023-01-26T14:18:13.541-0800:301454EC1C0000C0000000F9ITEM_READ:2023-01-26T14:18:13.541-0800:301454EC1C0000C000000041ITEM_READ:2023-01-26T14:18:13.541-0800:301454EC1C00004000000060ITEM_READ:2023-01-26T14:18:13.541-0800:301454EC1C00004000000040ITEM_READ:2023-01-26T14:18:13.541-0800:301454EC1C0001000000000EITEM_READ:2023-01-26T14:18:13.541-0800:301454EC1C0000C00000011CITEM_READ:2023-01-26T14:18:13.541-0800:301454EC1C0000C000000016ITEM_READ:2023-01-26T14:18:13.541-0800:301454EC1C0000C0000000E5ITEM_READ:2023-01-26T14:18:13.541-0800:301454EC1C0000C00000010DITEM_READ:2023-01-26T14:18:13.541-0800:301454EC1C0000C00000010FITEM_READ:2023-01-26T14:18:13.541-0800:301454EC1C00008000000028ITEM_READ:2023-01-26T14:18:13.541-0800:301454EC1C0000C0000000EEITEM_READ:2023-01-26T14:18:13.541-0800:301454EC1C00004000000004ITEM_READ:2023-01-26T14:18:13.541-0800:301454EC1C0000C000000017ITEM_READ:2023-01-26T14:18:13.541-0800:301454EC1C00004000000072ITEM_READ:2023-01-26T14:18:13.541-0800:301454EC1C0000C0000000FCITEM_READ:2023-01-26T14:18:13.620-0800:301454EC1C00004000000010ITEM_READ:2023-01-26T14:18:13.620-0800:301454EC1C00004000000068ITEM_READ:2023-01-26T14:18:13.620-0800:301454EC1C0001000000002EITEM_READ:2023-01-26T14:18:13.620-0800:301454EC1C0000C00000011FITEM_READ:2023-01-26T14:18:13.620-0800:301454EC1C00008000000022ITEM_READ:2023-01-26T14:18:13.620-0800:301454EC1C0000C000000037ITEM_READ:2023-01-26T14:18:13.620-0800:301454EC1C0000C000000102ITEM_READ:2023-01-26T14:18:13.620-0800:301454EC1C00008000000036ITEM_READ:2023-01-26T14:18:13.620-0800:301454EC1C00010000000006ITEM_READ:2023-01-26T14:18:13.620-0800:301454EC1C00004000000014ITEM_READ:2023-01-26T14:18:13.620-0800:301454EC1C0000800000001DITEM_READ:2023-01-26T14:18:13.620-0800:301454EC1C0000C000000106ITEM_READ:2023-01-26T14:18:13.620-0800:301454EC1C0000C00000001FITEM_READ:2023-01-26T14:18:13.737-0800:301454EC1C00010000000024ITEM_READ:2023-01-26T14:18:13.737-0800:301454EC1C0000C00000000CITEM_READ:2023-01-26T14:18:13.737-0800:301454EC1C0000C0000000DFITEM_READ:2023-01-26T14:18:13.737-0800:301454EC1C0000400000000EITEM_READ:2023-01-26T14:18:13.737-0800:301454EC1C0000C000000048ITEM_READ:2023-01-26T14:18:13.737-0800:301454EC1C00008000000014ITEM_READ:2023-01-26T14:18:13.737-0800:301454EC1C0000C00000011DITEM_READ:2023-01-26T14:18:13.737-0800:301454EC1C0000800000002AITEM_READ:2023-01-26T14:18:13.737-0800:301454EC1C0000C00000001BITEM_READ:2023-01-26T14:18:13.737-0800:301454EC1C0000C00000010CITEM_READ:2023-01-26T14:18:13.737-0800:301454EC1C0000800000000BITEM_READ:2023-01-26T14:18:13.737-0800:301454EC1C0000C0000000F0ITEM_READ:2023-01-26T14:18:13.737-0800:301454EC1C00008000000023ITEM_READ:2023-01-26T14:18:13.737-0800:301454EC1C0000800000001EITEM_READ:2023-01-26T14:18:13.737-0800:301454EC1C00008000000011ITEM_READ:2023-01-26T14:18:13.741-0800:301454EC1C0000400000005AITEM_READ:2023-01-26T14:18:13.741-0800:301454EC1C00010000000038ITEM_READ:2023-01-26T14:18:13.741-0800:301454EC1C00010000000007ITEM_READ:2023-01-26T14:18:13.741-0800:301454EC1C0001000000002FITEM_READ:2023-01-26T14:18:13.741-0800:301454EC1C0000400000000FITEM_READ:2023-01-26T14:18:13.741-0800:301454EC1C00004000000077ITEM_READ:2023-01-26T14:18:13.741-0800:301454EC1C00010000000004ITEM_READ:2023-01-26T14:18:13.741-0800:301454EC1C00010000000029ITEM_READ:2023-01-26T14:18:13.741-0800:301454EC1C00004000000067ITEM_READ:2023-01-26T14:18:13.741-0800:301454EC1C0000C00000011AITEM_READ:2023-01-26T14:18:13.741-0800:301454EC1C0000C000000023ITEM_READ:2023-01-26T14:18:13.741-0800:301454EC1C0000C0000000DCITEM_READ:2023-01-26T14:18:13.741-0800:301454EC1C0000C00000001AITEM_READ:2023-01-26T14:18:13.741-0800:301454EC1C0000C000000022ITEM_READ:2023-01-26T14:18:13.863-0800:301454EC1C0001000000000BITEM_READ:2023-01-26T14:18:13.863-0800:301454EC1C0000C000000009ITEM_READ:2023-01-26T14:18:13.863-0800:301454EC1C0000C0000000E8ITEM_READ:2023-01-26T14:18:13.863-0800:301454EC1C00004000000017ITEM_READ:2023-01-26T14:18:13.863-0800:301454EC1C0000C000000003ITEM_READ:2023-01-26T14:18:13.863-0800:301454EC1C0000C000000043ITEM_READ:2023-01-26T14:18:13.863-0800:301454EC1C0000800000003AITEM_READ:2023-01-26T14:18:13.863-0800:301454EC1C00008000000010ITEM_READ:2023-01-26T14:18:13.863-0800:301454EC1C00008000000039ITEM_READ:2023-01-26T14:18:13.863-0800:301454EC1C0000C000000021ITEM_READ:2023-01-26T14:18:13.863-0800:301454EC1C0000C000000025ITEM_READ:2023-01-26T14:18:13.863-0800:301454EC1C0000800000002BITEM_READ:2023-01-26T14:18:13.863-0800:301454EC1C0000C0000000E0ITEM_READ:2023-01-26T14:18:13.863-0800:301454EC1C0000C0000000EFITEM_READ:2023-01-26T14:18:13.863-0800:301454EC1C0000C000000119ITEM_READ:2023-01-26T14:18:13.865-0800:301454EC1C0000C0000000EAITEM_READ:2023-01-26T14:18:13.865-0800:301454EC1C00004000000018ITEM_READ:2023-01-26T14:18:13.865-0800:301454EC1C0000C000000042ITEM_READ:2023-01-26T14:18:13.865-0800:301454EC1C0000C000000014ITEM_READ:2023-01-26T14:18:13.865-0800:301454EC1C0000400000006AITEM_READ:2023-01-26T14:18:13.865-0800:301454EC1C0000C000000116ITEM_READ:2023-01-26T14:18:13.865-0800:301454EC1C00008000000031ITEM_READ:2023-01-26T14:18:13.865-0800:301454EC1C0000C000000108ITEM_READ:2023-01-26T14:18:13.865-0800:301454EC1C0000C00000010AITEM_READ:2023-01-26T14:18:13.865-0800:301454EC1C0000C00000000BITEM_READ:2023-01-26T14:18:13.865-0800:301454EC1C0000C000000027ITEM_READ:2023-01-26T14:18:13.865-0800:301454EC1C0000C000000035ITEM_READ:2023-01-26T14:18:13.947-0800:301454EC1C0000C000000101ITEM_READ:2023-01-26T14:18:13.947-0800:301454EC1C0000C000000005ITEM_READ:2023-01-26T14:18:13.947-0800:301454EC1C0000C000000045ITEM_READ:2023-01-26T14:18:13.947-0800:301454EC1C0000400000003AITEM_READ:2023-01-26T14:18:13.947-0800:301454EC1C0000800000000EITEM_READ:2023-01-26T14:18:13.947-0800:301454EC1C0000C000000001ITEM_READ:2023-01-26T14:18:13.947-0800:301454EC1C0000C000000004ITEM_READ:2023-01-26T14:18:13.947-0800:301454EC1C0000C000000008ITEM_READ:2023-01-26T14:18:13.947-0800:301454EC1C0000C000000019ITEM_READ:2023-01-26T14:18:13.947-0800:301454EC1C0000C0000000F4ITEM_READ:2023-01-26T14:18:13.947-0800:301454EC1C0001000000001DITEM_READ:2023-01-26T14:18:13.947-0800:301454EC1C0000C000000113ITEM_READ:2023-01-26T14:18:13.947-0800:301454EC1C00008000000015ITEM_READ:2023-01-26T14:18:13.947-0800:301454EC1C0000C000000038ITEM_READ:2023-01-26T14:18:13.947-0800:301454EC1C0000C000000013ITEM_READ:2023-01-26T14:18:14.138-0800:301454EC1C00004000000002ITEM_READ:2023-01-26T14:18:14.138-0800:301454EC1C00004000000008ITEM_READ:2023-01-26T14:18:14.138-0800:301454EC1C0000C000000029ITEM_READ:2023-01-26T14:18:14.138-0800:301454EC1C0000C000000109ITEM_READ:2023-01-26T14:18:14.138-0800:301454EC1C00010000000026ITEM_READ:2023-01-26T14:18:14.138-0800:301454EC1C0000C0000000F3ITEM_READ:2023-01-26T14:18:14.138-0800:301454EC1C0000C000000002ITEM_READ:2023-01-26T14:18:14.138-0800:301454EC1C00008000000034ITEM_READ:2023-01-26T14:18:14.138-0800:301454EC1C0000C000000028ITEM_READ:2023-01-26T14:18:14.138-0800:301454EC1C0000C00000000FITEM_READ:2023-01-26T14:18:14.138-0800:301454EC1C0000C000000104ITEM_READ:2023-01-26T14:18:14.138-0800:301454EC1C00008000000002ITEM_READ:2023-01-26T14:18:14.138-0800:301454EC1C00008000000025ITEM_READ:2023-01-26T14:18:14.138-0800:301454EC1C00010000000017ITEM_READ:2023-01-26T14:18:14.138-0800:301454EC1C0000C000000105ITEM_READ:2023-01-26T14:18:14.142-0800:301454EC1C00004000000001ITEM_READ:2023-01-26T14:18:14.142-0800:301454EC1C0000C00000000AITEM_READ:2023-01-26T14:18:14.142-0800:301454EC1C0000400000000AITEM_READ:2023-01-26T14:18:14.142-0800:301454EC1C0000C0000000DDITEM_READ:2023-01-26T14:18:14.142-0800:301454EC1C00004000000016ITEM_READ:2023-01-26T14:18:14.142-0800:301454EC1C0000C000000115ITEM_READ:2023-01-26T14:18:14.142-0800:301454EC1C0000C0000000E4ITEM_READ:2023-01-26T14:18:14.142-0800:301454EC1C0001000000001BITEM_READ:2023-01-26T14:18:14.142-0800:301454EC1C0000C000000010ITEM_READ:2023-01-26T14:18:14.142-0800:301454EC1C0000C000000040ITEM_READ:2023-01-26T14:18:14.142-0800:301454EC1C0000800000002EITEM_READ:2023-01-26T14:18:14.142-0800:301454EC1C0000C000000012ITEM_READ:2023-01-26T14:18:14.142-0800:301454EC1C0000C00000003CITEM_READ:2023-01-26T14:18:14.142-0800:301454EC1C0000C0000000EDITEM_READ:2023-01-26T14:18:14.142-0800:301454EC1C0000C0000000DEITEM_READ:2023-01-26T14:18:14.142-0800:301454EC1C0000C00000002FITEM_READ:2023-01-26T14:18:14.142-0800:301454EC1C00004000000003ITEM_READ:2023-01-26T14:18:14.142-0800:301454EC1C00004000000012ITEM_READ:2023-01-26T14:18:14.142-0800:301454EC1C0000C00000003FITEM_READ:2023-01-26T14:18:14.142-0800:301454EC1C0000C000000100ITEM_READ:2023-01-26T14:18:14.142-0800:301454EC1C0000C00000010BITEM_READ:2023-01-26T14:18:14.142-0800:301454EC1C0000C000000011ITEM_READ:2023-01-26T14:18:14.142-0800:301454EC1C0000C0000000DAITEM_READ:2023-01-26T14:18:14.142-0800:301454EC1C0000400000000DITEM_READ:2023-01-26T14:18:14.142-0800:301454EC1C0000C00000001CITEM_READ:2023-01-26T14:18:14.142-0800:301454EC1C0000400000000CITEM_READ:2023-01-26T14:18:14.263-0800:301454EC1C00004000000013ITEM_READ:2023-01-26T14:18:14.263-0800:301454EC1C00008000000004ITEM_READ:2023-01-26T14:18:14.263-0800:301454EC1C0001000000002CITEM_READ:2023-01-26T14:18:14.263-0800:301454EC1C00010000000005ITEM_READ:2023-01-26T14:18:14.263-0800:301454EC1C00010000000009ITEM_READ:2023-01-26T14:18:14.263-0800:301454EC1C00008000000032ITEM_READ:2023-01-26T14:18:14.263-0800:301454EC1C0000C00000002EITEM_READ:2023-01-26T14:18:14.263-0800:301454EC1C00004000000007ITEM_READ:2023-01-26T14:18:14.263-0800:301454EC1C0000C0000000F8INFO:READING_COMPLETED::0INFO:READYINFO:PROCESSING
INFO:READING_STARTED:
ITEM_READ:2023-01-26T14:19:19.301-0800:301454EC1C00004000000048
ITEM_READ:2023-01-26T14:19:19.301-0800:301454EC1C0000400000006E
ITEM_READ:2023-01-26T14:19:19.301-0800:301454EC1C00004000000056
ITEM_READ:2023-01-26T14:19:19.302-0800:301454EC1C00004000000063
ITEM_READ:2023-01-26T14:19:19.302-0800:301454EC1C0000C000000103
ITEM_READ:2023-01-26T14:19:19.302-0800:301454EC1C00004000000051
ITEM_READ:2023-01-26T14:19:19.304-0800:301454EC1C0000800000001B
ITEM_READ:2023-01-26T14:19:19.304-0800:301454EC1C00010000000016
ITEM_READ:2023-01-26T14:19:19.304-0800:301454EC1C0000400000004F
ITEM_READ:2023-01-26T14:19:19.304-0800:301454EC1C00004000000043
ITEM_READ:2023-01-26T14:19:19.304-0800:301454EC1C00010000000027
ITEM_READ:2023-01-26T14:19:19.304-0800:301454EC1C0000800000001C
ITEM_READ:2023-01-26T14:19:19.304-0800:301454EC1C0000C0000000DC
ITEM_READ:2023-01-26T14:19:19.304-0800:301454EC1C0000400000004A
ITEM_READ:2023-01-26T14:19:19.307-0800:301454EC1C0000C00000011B
ITEM_READ:2023-01-26T14:19:19.307-0800:301454EC1C00010000000022
ITEM_READ:2023-01-26T14:19:19.307-0800:301454EC1C0000C00000000E
ITEM_READ:2023-01-26T14:19:19.307-0800:301454EC1C00010000000015
ITEM_READ:2023-01-26T14:19:19.307-0800:301454EC1C00004000000004
ITEM_READ:2023-01-26T14:19:19.307-0800:301454EC1C0001000000001A
ITEM_READ:2023-01-26T14:19:19.307-0800:301454EC1C00004000000018
ITEM_READ:2023-01-26T14:19:19.307-0800:301454EC1C0000C000000016
ITEM_READ:2023-01-26T14:19:19.307-0800:301454EC1C00004000000011
ITEM_READ:2023-01-26T14:19:19.307-0800:301454EC1C00004000000065
ITEM_READ:2023-01-26T14:19:19.307-0800:301454EC1C0000C0000000DF
ITEM_READ:2023-01-26T14:19:19.307-0800:301454EC1C00004000000069
ITEM_READ:2023-01-26T14:19:19.307-0800:301454EC1C00010000000033
ITEM_READ:2023-01-26T14:19:19.307-0800:301454EC1C0000800000000B
ITEM_READ:2023-01-26T14:19:19.307-0800:301454EC1C0000C00000000B
ITEM_READ:2023-01-26T14:19:19.307-0800:301454EC1C00010000000014
ITEM_READ:2023-01-26T14:19:19.309-0800:301454EC1C00010000000035
ITEM_READ:2023-01-26T14:19:19.309-0800:301454EC1C00010000000031
ITEM_READ:2023-01-26T14:19:19.309-0800:301454EC1C0000400000005D
ITEM_READ:2023-01-26T14:19:19.309-0800:301454EC1C0000400000000E
ITEM_READ:2023-01-26T14:19:19.309-0800:301454EC1C00008000000038
ITEM_READ:2023-01-26T14:19:19.309-0800:301454EC1C0000C00000000A
ITEM_READ:2023-01-26T14:19:19.309-0800:301454EC1C00010000000039
ITEM_READ:2023-01-26T14:19:19.309-0800:3119612040000029CD000000
ITEM_READ:2023-01-26T14:19:19.449-0800:301454EC1C0000C000000011
ITEM_READ:2023-01-26T14:19:19.449-0800:301454EC1C00010000000013
ITEM_READ:2023-01-26T14:19:19.449-0800:301454EC1C0000C00000010C
ITEM_READ:2023-01-26T14:19:19.449-0800:301454EC1C0000C0000000E2
ITEM_READ:2023-01-26T14:19:19.449-0800:301454EC1C0000C0000000EC
ITEM_READ:2023-01-26T14:19:19.449-0800:301454EC1C0000C000000019
ITEM_READ:2023-01-26T14:19:19.449-0800:301454EC1C00008000000023
ITEM_READ:2023-01-26T14:19:19.449-0800:301454EC1C00010000000032
ITEM_READ:2023-01-26T14:19:19.449-0800:301454EC1C0000C00000003F
ITEM_READ:2023-01-26T14:19:19.449-0800:301454EC1C0000C000000106
ITEM_READ:2023-01-26T14:19:19.507-0800:301454EC1C0001000000002F
ITEM_READ:2023-01-26T14:19:19.507-0800:301454EC1C0000400000006D
ITEM_READ:2023-01-26T14:19:19.507-0800:301454EC1C0000C0000000F7
ITEM_READ:2023-01-26T14:19:19.507-0800:301454EC1C00008000000013
ITEM_READ:2023-01-26T14:19:19.507-0800:301454EC1C0000400000003D
ITEM_READ:2023-01-26T14:19:19.507-0800:301454EC1C0001000000001E
ITEM_READ:2023-01-26T14:19:19.507-0800:301454EC1C00008000000026
ITEM_READ:2023-01-26T14:19:19.507-0800:301454EC1C0000C000000111
ITEM_READ:2023-01-26T14:19:19.507-0800:301454EC1C0000C0000000DA
ITEM_READ:2023-01-26T14:19:19.507-0800:301454EC1C0001000000002B
ITEM_READ:2023-01-26T14:19:19.507-0800:301454EC1C0000400000004D
ITEM_READ:2023-01-26T14:19:19.507-0800:301454EC1C00004000000053
ITEM_READ:2023-01-26T14:19:19.507-0800:301454EC1C00004000000079
ITEM_READ:2023-01-26T14:19:19.507-0800:301454EC1C0001000000003C
ITEM_READ:2023-01-26T14:19:19.507-0800:301454EC1C00004000000037
ITEM_READ:2023-01-26T14:19:19.509-0800:301454EC1C0001000000000A
ITEM_READ:2023-01-26T14:19:19.509-0800:301454EC1C0001000000002E
ITEM_READ:2023-01-26T14:19:19.509-0800:301454EC1C00010000000002
ITEM_READ:2023-01-26T14:19:19.509-0800:301454EC1C00004000000061
ITEM_READ:2023-01-26T14:19:19.509-0800:301454EC1C0000400000007A
ITEM_READ:2023-01-26T14:19:19.509-0800:301454EC1C0001000000000E
ITEM_READ:2023-01-26T14:19:19.509-0800:301454EC1C00010000000009
ITEM_READ:2023-01-26T14:19:19.509-0800:301454EC1C0001000000001F
ITEM_READ:2023-01-26T14:19:19.509-0800:301454EC1C0001000000001D
ITEM_READ:2023-01-26T14:19:19.509-0800:301454EC1C00008000000015
ITEM_READ:2023-01-26T14:19:19.509-0800:301454EC1C00010000000007
ITEM_READ:2023-01-26T14:19:19.509-0800:301454EC1C0000400000004C
ITEM_READ:2023-01-26T14:19:19.641-0800:301454EC1C00004000000046
ITEM_READ:2023-01-26T14:19:19.641-0800:301454EC1C0000C000000118
ITEM_READ:2023-01-26T14:19:19.641-0800:301454EC1C00010000000038
ITEM_READ:2023-01-26T14:19:19.641-0800:301454EC1C00008000000039
ITEM_READ:2023-01-26T14:19:19.641-0800:301454EC1C0000400000003A
ITEM_READ:2023-01-26T14:19:19.641-0800:301454EC1C0000C000000002
ITEM_READ:2023-01-26T14:19:19.641-0800:301454EC1C00004000000077
ITEM_READ:2023-01-26T14:19:19.641-0800:301454EC1C00004000000054
ITEM_READ:2023-01-26T14:19:19.641-0800:301454EC1C0001000000000C
ITEM_READ:2023-01-26T14:19:19.641-0800:301454EC1C0001000000000F
ITEM_READ:2023-01-26T14:19:19.641-0800:301454EC1C00010000000010
ITEM_READ:2023-01-26T14:19:19.641-0800:301454EC1C0000400000005F
ITEM_READ:2023-01-26T14:19:19.641-0800:301454EC1C0000800000000C
ITEM_READ:2023-01-26T14:19:19.641-0800:301454EC1C0000C0000000E8
ITEM_READ:2023-01-26T14:19:19.641-0800:301454EC1C00010000000025
ITEM_READ:2023-01-26T14:19:19.644-0800:301454EC1C00004000000044
ITEM_READ:2023-01-26T14:19:19.644-0800:301454EC1C0000C000000025
ITEM_READ:2023-01-26T14:19:19.644-0800:301454EC1C0000C00000000C
ITEM_READ:2023-01-26T14:19:19.644-0800:301454EC1C00010000000021
ITEM_READ:2023-01-26T14:19:19.644-0800:301454EC1C00010000000024
ITEM_READ:2023-01-26T14:19:19.644-0800:301454EC1C00010000000030
ITEM_READ:2023-01-26T14:19:19.644-0800:301454EC1C0000C000000017
ITEM_READ:2023-01-26T14:19:19.644-0800:301454EC1C0000400000000F
ITEM_READ:2023-01-26T14:19:19.644-0800:301454EC1C00004000000062
ITEM_READ:2023-01-26T14:19:19.644-0800:301454EC1C0000C000000013
ITEM_READ:2023-01-26T14:19:19.644-0800:301454EC1C00010000000023
ITEM_READ:2023-01-26T14:19:19.644-0800:301454EC1C0000400000005B
ITEM_READ:2023-01-26T14:19:19.774-0800:301454EC1C00004000000041
ITEM_READ:2023-01-26T14:19:19.774-0800:301454EC1C00004000000052
ITEM_READ:2023-01-26T14:19:19.774-0800:301454EC1C0000400000004B
ITEM_READ:2023-01-26T14:19:19.774-0800:301454EC1C00004000000057
ITEM_READ:2023-01-26T14:19:19.774-0800:301454EC1C0000800000000F
ITEM_READ:2023-01-26T14:19:19.774-0800:301454EC1C00008000000009
ITEM_READ:2023-01-26T14:19:19.774-0800:301454EC1C0000400000003B
ITEM_READ:2023-01-26T14:19:19.774-0800:301454EC1C0000C0000000E3
ITEM_READ:2023-01-26T14:19:19.774-0800:301454EC1C0000C00000011C
ITEM_READ:2023-01-26T14:19:19.774-0800:301454EC1C00004000000060
ITEM_READ:2023-01-26T14:19:19.774-0800:301454EC1C00004000000067
ITEM_READ:2023-01-26T14:19:19.911-0800:301454EC1C0000C0000000E6
ITEM_READ:2023-01-26T14:19:19.911-0800:301454EC1C0000800000003B
ITEM_READ:2023-01-26T14:19:19.911-0800:301454EC1C00008000000012
ITEM_READ:2023-01-26T14:19:19.911-0800:301454EC1C0000800000002F
ITEM_READ:2023-01-26T14:19:19.911-0800:301454EC1C0000C000000023
ITEM_READ:2023-01-26T14:19:19.911-0800:301454EC1C00004000000049
ITEM_READ:2023-01-26T14:19:19.911-0800:301454EC1C0001000000002A
ITEM_READ:2023-01-26T14:19:19.911-0800:301454EC1C00004000000072
ITEM_READ:2023-01-26T14:19:19.911-0800:301454EC1C00008000000005
ITEM_READ:2023-01-26T14:19:19.911-0800:301454EC1C00004000000010
ITEM_READ:2023-01-26T14:19:19.911-0800:301454EC1C00008000000027
ITEM_READ:2023-01-26T14:19:19.911-0800:301454EC1C00010000000017
ITEM_READ:2023-01-26T14:19:19.911-0800:301454EC1C00008000000022
ITEM_READ:2023-01-26T14:19:19.911-0800:301454EC1C00010000000001
ITEM_READ:2023-01-26T14:19:19.911-0800:301454EC1C00004000000068
ITEM_READ:2023-01-26T14:19:19.918-0800:301454EC1C0000C0000000F6
ITEM_READ:2023-01-26T14:19:19.918-0800:301454EC1C0000C000000043
ITEM_READ:2023-01-26T14:19:19.918-0800:301454EC1C00010000000026
ITEM_READ:2023-01-26T14:19:19.918-0800:301454EC1C00008000000016
ITEM_READ:2023-01-26T14:19:19.918-0800:301454EC1C00004000000005
ITEM_READ:2023-01-26T14:19:19.918-0800:301454EC1C0000800000002D
ITEM_READ:2023-01-26T14:19:19.918-0800:301454EC1C00010000000008
ITEM_READ:2023-01-26T14:19:19.918-0800:301454EC1C00004000000064
ITEM_READ:2023-01-26T14:19:19.918-0800:301454EC1C0000400000000A
ITEM_READ:2023-01-26T14:19:19.918-0800:301454EC1C00004000000055
ITEM_READ:2023-01-26T14:19:19.918-0800:301454EC1C0000800000000A
ITEM_READ:2023-01-26T14:19:19.918-0800:301454EC1C00008000000024
ITEM_READ:2023-01-26T14:19:19.918-0800:301454EC1C0000400000005C
ITEM_READ:2023-01-26T14:19:19.918-0800:301454EC1C00004000000039
ITEM_READ:2023-01-26T14:19:19.918-0800:301454EC1C0001000000003A
ITEM_READ:2023-01-26T14:19:19.918-0800:301454EC1C00008000000004
ITEM_READ:2023-01-26T14:19:19.918-0800:301454EC1C00008000000007
ITEM_READ:2023-01-26T14:19:19.918-0800:301454EC1C00004000000008
ITEM_READ:2023-01-26T14:19:19.918-0800:301454EC1C00008000000020
ITEM_READ:2023-01-26T14:19:19.918-0800:301454EC1C00008000000032
ITEM_READ:2023-01-26T14:19:19.918-0800:301454EC1C0000C0000000EA
ITEM_READ:2023-01-26T14:19:19.918-0800:301454EC1C00004000000071
ITEM_READ:2023-01-26T14:19:19.918-0800:301454EC1C0000C00000011D
ITEM_READ:2023-01-26T14:19:19.918-0800:301454EC1C0000C0000000E5
ITEM_READ:2023-01-26T14:19:19.918-0800:301454EC1C00010000000034
ITEM_READ:2023-01-26T14:19:19.918-0800:301454EC1C0000C000000044
ITEM_READ:2023-01-26T14:19:20.120-0800:301454EC1C0000400000003E
ITEM_READ:2023-01-26T14:19:20.120-0800:301454EC1C0000800000001A
ITEM_READ:2023-01-26T14:19:20.120-0800:301454EC1C0000800000000E
ITEM_READ:2023-01-26T14:19:20.120-0800:301454EC1C00004000000006
ITEM_READ:2023-01-26T14:19:20.120-0800:301454EC1C0000C0000000F1
ITEM_READ:2023-01-26T14:19:20.120-0800:301454EC1C00008000000029
ITEM_READ:2023-01-26T14:19:20.120-0800:301454EC1C0000C000000120
ITEM_READ:2023-01-26T14:19:20.120-0800:301454EC1C0000400000005E
ITEM_READ:2023-01-26T14:19:20.120-0800:301454EC1C0000C00000000F
ITEM_READ:2023-01-26T14:19:20.120-0800:301454EC1C0000400000003F
ITEM_READ:2023-01-26T14:19:20.120-0800:301454EC1C0000C000000004
ITEM_READ:2023-01-26T14:19:20.120-0800:301454EC1C00004000000059
ITEM_READ:2023-01-26T14:19:20.120-0800:301454EC1C0000800000002A
ITEM_READ:2023-01-26T14:19:20.120-0800:301454EC1C00010000000018
ITEM_READ:2023-01-26T14:19:20.120-0800:301454EC1C0000800000002C
ITEM_READ:2023-01-26T14:19:20.127-0800:301454EC1C0000C000000116
ITEM_READ:2023-01-26T14:19:20.127-0800:301454EC1C00004000000042
ITEM_READ:2023-01-26T14:19:20.127-0800:301454EC1C00004000000040
ITEM_READ:2023-01-26T14:19:20.127-0800:301454EC1C0000C0000000FA
ITEM_READ:2023-01-26T14:19:20.127-0800:301454EC1C00010000000020
ITEM_READ:2023-01-26T14:19:20.127-0800:301454EC1C0000C0000000EE
ITEM_READ:2023-01-26T14:19:20.127-0800:301454EC1C0000C000000037
ITEM_READ:2023-01-26T14:19:20.127-0800:301454EC1C00008000000003
ITEM_READ:2023-01-26T14:19:20.127-0800:301454EC1C0000C00000010F
ITEM_READ:2023-01-26T14:19:20.127-0800:301454EC1C0000C00000003C
ITEM_READ:2023-01-26T14:19:20.127-0800:301454EC1C00008000000025
ITEM_READ:2023-01-26T14:19:20.127-0800:301454EC1C00008000000028
ITEM_READ:2023-01-26T14:19:20.127-0800:301454EC1C00004000000007
ITEM_READ:2023-01-26T14:19:20.127-0800:301454EC1C0000C0000000DB
ITEM_READ:2023-01-26T14:19:20.127-0800:301454EC1C00008000000008
ITEM_READ:2023-01-26T14:19:20.127-0800:301454EC1C00004000000074
ITEM_READ:2023-01-26T14:19:20.127-0800:301454EC1C0000C0000000D9
ITEM_READ:2023-01-26T14:19:20.127-0800:301454EC1C0000400000006C
ITEM_READ:2023-01-26T14:19:20.127-0800:301454EC1C0001000000003B
ITEM_READ:2023-01-26T14:19:20.127-0800:301454EC1C0000C000000031
ITEM_READ:2023-01-26T14:19:20.127-0800:301454EC1C0000C00000002B
ITEM_READ:2023-01-26T14:19:20.127-0800:301454EC1C00010000000011
ITEM_READ:2023-01-26T14:19:20.127-0800:301454EC1C0001000000000B
ITEM_READ:2023-01-26T14:19:20.127-0800:301454EC1C0000800000000D
ITEM_READ:2023-01-26T14:19:20.127-0800:301454EC1C0000C00000002F
ITEM_READ:2023-01-26T14:19:20.127-0800:301454EC1C0000C000000119
ITEM_READ:2023-01-26T14:19:20.127-0800:301454EC1C0000C000000117
ITEM_READ:2023-01-26T14:19:20.127-0800:301454EC1C0000C000000104
ITEM_READ:2023-01-26T14:19:20.209-0800:301454EC1C0000C000000109
ITEM_READ:2023-01-26T14:19:20.209-0800:301454EC1C00004000000013
ITEM_READ:2023-01-26T14:19:20.209-0800:301454EC1C00008000000018
ITEM_READ:2023-01-26T14:19:20.209-0800:301454EC1C0000C0000000FB
ITEM_READ:2023-01-26T14:19:20.209-0800:301454EC1C00010000000003
ITEM_READ:2023-01-26T14:19:20.209-0800:301454EC1C00008000000001
ITEM_READ:2023-01-26T14:19:20.209-0800:301454EC1C0000400000006A
ITEM_READ:2023-01-26T14:19:20.209-0800:301454EC1C00004000000058
ITEM_READ:2023-01-26T14:19:20.209-0800:301454EC1C0000C000000030
ITEM_READ:2023-01-26T14:19:20.209-0800:301454EC1C0000C00000001F
ITEM_READ:2023-01-26T14:19:20.209-0800:301454EC1C0000C00000011A
ITEM_READ:2023-01-26T14:19:20.209-0800:301454EC1C00010000000036
ITEM_READ:2023-01-26T14:19:20.209-0800:301454EC1C0000C00000001D
ITEM_READ:2023-01-26T14:19:20.319-0800:301454EC1C00010000000028
ITEM_READ:2023-01-26T14:19:20.319-0800:301454EC1C00008000000011
ITEM_READ:2023-01-26T14:19:20.319-0800:301454EC1C00008000000014
ITEM_READ:2023-01-26T14:19:20.319-0800:301454EC1C0000400000006B
ITEM_READ:2023-01-26T14:19:20.319-0800:301454EC1C00010000000012
ITEM_READ:2023-01-26T14:19:20.319-0800:301454EC1C0000C00000002A
ITEM_READ:2023-01-26T14:19:20.319-0800:301454EC1C00008000000021
ITEM_READ:2023-01-26T14:19:20.319-0800:301454EC1C0000400000000B
ITEM_READ:2023-01-26T14:19:20.319-0800:301454EC1C0000C000000102
ITEM_READ:2023-01-26T14:19:20.319-0800:301454EC1C0000C000000022
ITEM_READ:2023-01-26T14:19:20.319-0800:301454EC1C0001000000001C
ITEM_READ:2023-01-26T14:19:20.319-0800:301454EC1C0000C000000041
ITEM_READ:2023-01-26T14:19:20.319-0800:301454EC1C0000400000000D
ITEM_READ:2023-01-26T14:19:20.319-0800:301454EC1C0000C00000001B
ITEM_READ:2023-01-26T14:19:20.319-0800:301454EC1C0000C0000000F8
ITEM_READ:2023-01-26T14:19:20.319-0800:301454EC1C0000800000001E
ITEM_READ:2023-01-26T14:19:20.319-0800:301454EC1C00004000000001
ITEM_READ:2023-01-26T14:19:20.319-0800:301454EC1C00008000000037
ITEM_READ:2023-01-26T14:19:20.319-0800:301454EC1C0000C00000002D
ITEM_READ:2023-01-26T14:19:20.319-0800:301454EC1C0000C00000010D
ITEM_READ:2023-01-26T14:19:20.319-0800:301454EC1C00004000000047
ITEM_READ:2023-01-26T14:19:20.319-0800:301454EC1C0000C00000011F
ITEM_READ:2023-01-26T14:19:20.319-0800:301454EC1C0000C000000003
ITEM_READ:2023-01-26T14:19:20.319-0800:301454EC1C0000C000000048
ITEM_READ:2023-01-26T14:19:20.319-0800:301454EC1C00004000000014
ITEM_READ:2023-01-26T14:19:20.319-0800:301454EC1C0000400000005A
ITEM_READ:2023-01-26T14:19:20.320-0800:301454EC1C0000C0000000FC
ITEM_READ:2023-01-26T14:19:20.452-0800:301454EC1C00008000000036
ITEM_READ:2023-01-26T14:19:20.452-0800:301454EC1C0000C00000001A
ITEM_READ:2023-01-26T14:19:20.452-0800:301454EC1C0000C000000035
ITEM_READ:2023-01-26T14:19:20.452-0800:301454EC1C0000C0000000E4
ITEM_READ:2023-01-26T14:19:20.452-0800:301454EC1C0000C000000046
ITEM_READ:2023-01-26T14:19:20.452-0800:301454EC1C0000C0000000F5
ITEM_READ:2023-01-26T14:19:20.452-0800:301454EC1C0000C0000000DD
ITEM_READ:2023-01-26T14:19:20.452-0800:301454EC1C0000C000000047
ITEM_READ:2023-01-26T14:19:20.452-0800:301454EC1C00004000000003
ITEM_READ:2023-01-26T14:19:20.452-0800:301454EC1C0000C000000107
ITEM_READ:2023-01-26T14:19:20.452-0800:301454EC1C00008000000031
ITEM_READ:2023-01-26T14:19:20.452-0800:301454EC1C00008000000019
ITEM_READ:2023-01-26T14:19:20.452-0800:301454EC1C0000C000000039
ITEM_READ:2023-01-26T14:19:20.452-0800:301454EC1C0000C000000112
ITEM_READ:2023-01-26T14:19:20.452-0800:301454EC1C0000C0000000EF
ITEM_READ:2023-01-26T14:19:20.454-0800:301454EC1C00008000000033
ITEM_READ:2023-01-26T14:19:20.454-0800:301454EC1C0000C000000010
ITEM_READ:2023-01-26T14:19:20.454-0800:301454EC1C0000C000000018
ITEM_READ:2023-01-26T14:19:20.454-0800:301454EC1C0000C000000110
ITEM_READ:2023-01-26T14:19:20.454-0800:301454EC1C0001000000000D
ITEM_READ:2023-01-26T14:19:20.454-0800:301454EC1C00010000000019
ITEM_READ:2023-01-26T14:19:20.454-0800:301454EC1C0000C000000042
ITEM_READ:2023-01-26T14:19:20.454-0800:301454EC1C00008000000017
ITEM_READ:2023-01-26T14:19:20.454-0800:301454EC1C0000C000000038
ITEM_READ:2023-01-26T14:19:20.454-0800:301454EC1C0000C000000028
ITEM_READ:2023-01-26T14:19:20.454-0800:301454EC1C00008000000035
ITEM_READ:2023-01-26T14:19:20.454-0800:301454EC1C0000C000000024
ITEM_READ:2023-01-26T14:19:20.454-0800:301454EC1C0000400000003C
ITEM_READ:2023-01-26T14:19:20.549-0800:301454EC1C0000C00000001C
ITEM_READ:2023-01-26T14:19:20.549-0800:301454EC1C00010000000005
ITEM_READ:2023-01-26T14:19:20.549-0800:301454EC1C0000800000001F
ITEM_READ:2023-01-26T14:19:20.549-0800:301454EC1C0000C0000000F3
ITEM_READ:2023-01-26T14:19:20.549-0800:301454EC1C0000C0000000F9
ITEM_READ:2023-01-26T14:19:20.549-0800:301454EC1C0000C000000045
ITEM_READ:2023-01-26T14:19:20.549-0800:301454EC1C0000C00000003D
ITEM_READ:2023-01-26T14:19:20.549-0800:301454EC1C00004000000002
ITEM_READ:2023-01-26T14:19:20.549-0800:301454EC1C00010000000006
ITEM_READ:2023-01-26T14:19:20.549-0800:301454EC1C0000C000000040
ITEM_READ:2023-01-26T14:19:20.549-0800:301454EC1C0000400000000C
ITEM_READ:2023-01-26T14:19:20.549-0800:301454EC1C0000C000000008
ITEM_READ:2023-01-26T14:19:20.549-0800:301454EC1C0000C000000113
ITEM_READ:2023-01-26T14:19:20.549-0800:301454EC1C0000C0000000E1
ITEM_READ:2023-01-26T14:19:20.727-0800:301454EC1C0000800000002E
ITEM_READ:2023-01-26T14:19:20.727-0800:301454EC1C0001000000002D
ITEM_READ:2023-01-26T14:19:20.727-0800:301454EC1C00008000000010
ITEM_READ:2023-01-26T14:19:20.727-0800:301454EC1C0000C0000000F4
ITEM_READ:2023-01-26T14:19:20.727-0800:301454EC1C0000C000000001
ITEM_READ:2023-01-26T14:19:20.727-0800:301454EC1C00004000000012
ITEM_READ:2023-01-26T14:19:20.727-0800:301454EC1C0000C000000014
ITEM_READ:2023-01-26T14:19:20.727-0800:301454EC1C0000C000000021
ITEM_READ:2023-01-26T14:19:20.727-0800:301454EC1C0000C000000026
ITEM_READ:2023-01-26T14:19:20.727-0800:301454EC1C0000C000000027
ITEM_READ:2023-01-26T14:19:20.727-0800:301454EC1C0000C0000000FD
ITEM_READ:2023-01-26T14:19:20.727-0800:301454EC1C00008000000002
ITEM_READ:2023-01-26T14:19:20.727-0800:301454EC1C00004000000009
ITEM_READ:2023-01-26T14:19:20.727-0800:301454EC1C0000C0000000F0
ITEM_READ:2023-01-26T14:19:20.727-0800:301454EC1C0000C00000010B
ITEM_READ:2023-01-26T14:19:20.732-0800:301454EC1C0000800000002B
ITEM_READ:2023-01-26T14:19:20.732-0800:301454EC1C0000C0000000F2
ITEM_READ:2023-01-26T14:19:20.732-0800:301454EC1C0000C0000000E7
ITEM_READ:2023-01-26T14:19:20.732-0800:301454EC1C0000C0000000ED
ITEM_READ:2023-01-26T14:19:20.732-0800:301454EC1C0000400000004E
ITEM_READ:2023-01-26T14:19:20.732-0800:301454EC1C00008000000034
ITEM_READ:2023-01-26T14:19:20.732-0800:301454EC1C00004000000017
ITEM_READ:2023-01-26T14:19:20.732-0800:301454EC1C0000C0000000E9
ITEM_READ:2023-01-26T14:19:20.732-0800:301454EC1C0000800000003A
ITEM_READ:2023-01-26T14:19:20.732-0800:301454EC1C0000C00000010A
ITEM_READ:2023-01-26T14:19:20.732-0800:301454EC1C0000C0000000EB
ITEM_READ:2023-01-26T14:19:20.732-0800:301454EC1C0000800000001D
ITEM_READ:2023-01-26T14:19:20.732-0800:301454EC1C0000C000000012
ITEM_READ:2023-01-26T14:19:20.732-0800:301454EC1C0000C000000101
ITEM_READ:2023-01-26T14:19:20.732-0800:301454EC1C00008000000030
ITEM_READ:2023-01-26T14:19:20.732-0800:301454EC1C0000800000003C
ITEM_READ:2023-01-26T14:19:20.732-0800:301454EC1C0000C000000114
ITEM_READ:2023-01-26T14:19:20.732-0800:301454EC1C0000C0000000E0
ITEM_READ:2023-01-26T14:19:20.732-0800:301454EC1C00010000000004
ITEM_READ:2023-01-26T14:19:20.732-0800:301454EC1C00010000000037
ITEM_READ:2023-01-26T14:19:20.732-0800:301454EC1C0000C000000005
ITEM_READ:2023-01-26T14:19:20.732-0800:301454EC1C0000C000000036
ITEM_READ:2023-01-26T14:19:20.732-0800:301454EC1C0000C00000003B
ITEM_READ:2023-01-26T14:19:20.732-0800:301454EC1C0000C000000009
ITEM_READ:2023-01-26T14:19:20.732-0800:301454EC1C0000C000000033
ITEM_READ:2023-01-26T14:19:20.732-0800:301454EC1C0000C000000105
ITEM_READ:2023-01-26T14:19:20.732-0800:301454EC1C0001000000001B
ITEM_READ:2023-01-26T14:19:20.855-0800:301454EC1C0000C00000000D
ITEM_READ:2023-01-26T14:19:20.855-0800:301454EC1C0001000000002C
ITEM_READ:2023-01-26T14:19:20.855-0800:301454EC1C0000C000000108
ITEM_READ:2023-01-26T14:19:20.855-0800:301454EC1C0000C00000011E
ITEM_READ:2023-01-26T14:19:20.855-0800:301454EC1C0000C000000015
ITEM_READ:2023-01-26T14:19:20.855-0800:301454EC1C0000C000000100
ITEM_READ:2023-01-26T14:19:20.855-0800:301454EC1C0000C0000000FF
ITEM_READ:2023-01-26T14:19:20.855-0800:301454EC1C0000C00000003E
ITEM_READ:2023-01-26T14:19:20.855-0800:301454EC1C00004000000016
ITEM_READ:2023-01-26T14:19:20.855-0800:301454EC1C0000C00000002E
ITEM_READ:2023-01-26T14:19:20.855-0800:301454EC1C0000C000000029
ITEM_READ:2023-01-26T14:19:20.855-0800:301454EC1C0000C000000115
ITEM_READ:2023-01-26T14:19:20.855-0800:301454EC1C0000C0000000DE
ITEM_READ:2023-01-26T14:19:20.855-0800:301454EC1C00008000000006
ITEM_READ:2023-01-26T14:19:20.855-0800:301454EC1C00010000000029
INFO:READING_COMPLETED::0
INFO:READY
1/26/2023 2:20:17 PM INFO:PROCESSING
1/26/2023 2:20:17 PM INFO:READING_STARTED:
1/26/2023 2:20:18 PM ITEM_READ:2023-01-26T14:20:18.209-0800:301454EC1C00004000000041
1/26/2023 2:20:18 PM ITEM_READ:2023-01-26T14:20:18.209-0800:301454EC1C00004000000046
1/26/2023 2:20:18 PM ITEM_READ:2023-01-26T14:20:18.209-0800:301454EC1C00004000000040
1/26/2023 2:20:18 PM ITEM_READ:2023-01-26T14:20:18.209-0800:301454EC1C0000400000004F
1/26/2023 2:20:18 PM ITEM_READ:2023-01-26T14:20:18.209-0800:301454EC1C0001000000003C
1/26/2023 2:20:18 PM ITEM_READ:2023-01-26T14:20:18.209-0800:301454EC1C00004000000074
1/26/2023 2:20:18 PM ITEM_READ:2023-01-26T14:20:18.212-0800:301454EC1C0000400000003B
1/26/2023 2:20:18 PM ITEM_READ:2023-01-26T14:20:18.212-0800:301454EC1C00004000000068
1/26/2023 2:20:18 PM ITEM_READ:2023-01-26T14:20:18.212-0800:301454EC1C0001000000001A
1/26/2023 2:20:18 PM ITEM_READ:2023-01-26T14:20:18.212-0800:301454EC1C0001000000002E
1/26/2023 2:20:18 PM ITEM_READ:2023-01-26T14:20:18.212-0800:301454EC1C00010000000027
1/26/2023 2:20:18 PM ITEM_READ:2023-01-26T14:20:18.212-0800:301454EC1C00004000000056
1/26/2023 2:20:18 PM ITEM_READ:2023-01-26T14:20:18.212-0800:3119612040000029CD000000
1/26/2023 2:20:18 PM ITEM_READ:2023-01-26T14:20:18.212-0800:301454EC1C00010000000028
1/26/2023 2:20:18 PM ITEM_READ:2023-01-26T14:20:18.215-0800:301454EC1C0000C000000022
1/26/2023 2:20:18 PM ITEM_READ:2023-01-26T14:20:18.215-0800:301454EC1C00010000000038
1/26/2023 2:20:18 PM ITEM_READ:2023-01-26T14:20:18.215-0800:301454EC1C0001000000003A
1/26/2023 2:20:18 PM ITEM_READ:2023-01-26T14:20:18.215-0800:301454EC1C0000400000003D
1/26/2023 2:20:18 PM ITEM_READ:2023-01-26T14:20:18.215-0800:301454EC1C0000C000000102
1/26/2023 2:20:18 PM ITEM_READ:2023-01-26T14:20:18.215-0800:301454EC1C0000800000001F
1/26/2023 2:20:18 PM ITEM_READ:2023-01-26T14:20:18.215-0800:301454EC1C0000C0000000E8
1/26/2023 2:20:18 PM ITEM_READ:2023-01-26T14:20:18.215-0800:301454EC1C00008000000008
1/26/2023 2:20:18 PM ITEM_READ:2023-01-26T14:20:18.215-0800:301454EC1C00004000000052
1/26/2023 2:20:18 PM ITEM_READ:2023-01-26T14:20:18.215-0800:301454EC1C00004000000063
1/26/2023 2:20:18 PM ITEM_READ:2023-01-26T14:20:18.215-0800:301454EC1C0000400000004C
1/26/2023 2:20:18 PM ITEM_READ:2023-01-26T14:20:18.215-0800:301454EC1C0001000000000D
1/26/2023 2:20:18 PM ITEM_READ:2023-01-26T14:20:18.215-0800:301454EC1C00004000000064
1/26/2023 2:20:18 PM ITEM_READ:2023-01-26T14:20:18.215-0800:301454EC1C0000400000006A
1/26/2023 2:20:18 PM ITEM_READ:2023-01-26T14:20:18.215-0800:301454EC1C00008000000009
1/26/2023 2:20:18 PM ITEM_READ:2023-01-26T14:20:18.215-0800:301454EC1C0000C00000010C
1/26/2023 2:20:18 PM ITEM_READ:2023-01-26T14:20:18.217-0800:301454EC1C0000C000000028
1/26/2023 2:20:18 PM ITEM_READ:2023-01-26T14:20:18.217-0800:301454EC1C0000400000000E
1/26/2023 2:20:18 PM ITEM_READ:2023-01-26T14:20:18.217-0800:301454EC1C0000800000003B
1/26/2023 2:20:18 PM ITEM_READ:2023-01-26T14:20:18.217-0800:301454EC1C0000400000006D
1/26/2023 2:20:18 PM ITEM_READ:2023-01-26T14:20:18.217-0800:301454EC1C0001000000000B
1/26/2023 2:20:18 PM ITEM_READ:2023-01-26T14:20:18.217-0800:301454EC1C00010000000022
1/26/2023 2:20:18 PM ITEM_READ:2023-01-26T14:20:18.217-0800:301454EC1C00004000000037
1/26/2023 2:20:18 PM ITEM_READ:2023-01-26T14:20:18.217-0800:301454EC1C00010000000035
1/26/2023 2:20:18 PM ITEM_READ:2023-01-26T14:20:18.217-0800:301454EC1C0000C000000004
1/26/2023 2:20:18 PM ITEM_READ:2023-01-26T14:20:18.217-0800:301454EC1C0000C0000000DF
1/26/2023 2:20:18 PM ITEM_READ:2023-01-26T14:20:18.292-0800:301454EC1C0000C0000000F1
1/26/2023 2:20:18 PM ITEM_READ:2023-01-26T14:20:18.292-0800:301454EC1C00004000000047
1/26/2023 2:20:18 PM ITEM_READ:2023-01-26T14:20:18.292-0800:301454EC1C0000C000000116
1/26/2023 2:20:18 PM ITEM_READ:2023-01-26T14:20:18.292-0800:301454EC1C00010000000021
1/26/2023 2:20:18 PM ITEM_READ:2023-01-26T14:20:18.292-0800:301454EC1C00004000000018
1/26/2023 2:20:18 PM ITEM_READ:2023-01-26T14:20:18.292-0800:301454EC1C0000C00000011F
1/26/2023 2:20:18 PM ITEM_READ:2023-01-26T14:20:18.292-0800:301454EC1C0000C000000112
1/26/2023 2:20:18 PM ITEM_READ:2023-01-26T14:20:18.292-0800:301454EC1C0001000000002A
1/26/2023 2:20:18 PM ITEM_READ:2023-01-26T14:20:18.292-0800:301454EC1C00004000000065
1/26/2023 2:20:18 PM ITEM_READ:2023-01-26T14:20:18.292-0800:301454EC1C00004000000005
1/26/2023 2:20:18 PM ITEM_READ:2023-01-26T14:20:18.292-0800:301454EC1C00010000000032
1/26/2023 2:20:18 PM ITEM_READ:2023-01-26T14:20:18.292-0800:301454EC1C0000C00000000C
1/26/2023 2:20:18 PM ITEM_READ:2023-01-26T14:20:18.430-0800:301454EC1C0000C000000111
1/26/2023 2:20:18 PM ITEM_READ:2023-01-26T14:20:18.430-0800:301454EC1C0000C0000000EF
1/26/2023 2:20:18 PM ITEM_READ:2023-01-26T14:20:18.430-0800:301454EC1C00008000000026
1/26/2023 2:20:18 PM ITEM_READ:2023-01-26T14:20:18.430-0800:301454EC1C00010000000013
1/26/2023 2:20:18 PM ITEM_READ:2023-01-26T14:20:18.430-0800:301454EC1C00010000000033
1/26/2023 2:20:18 PM ITEM_READ:2023-01-26T14:20:18.430-0800:301454EC1C00010000000030
1/26/2023 2:20:18 PM ITEM_READ:2023-01-26T14:20:18.430-0800:301454EC1C00004000000060
1/26/2023 2:20:18 PM ITEM_READ:2023-01-26T14:20:18.430-0800:301454EC1C0000400000004D
1/26/2023 2:20:18 PM ITEM_READ:2023-01-26T14:20:18.430-0800:301454EC1C0001000000003B
1/26/2023 2:20:18 PM ITEM_READ:2023-01-26T14:20:18.430-0800:301454EC1C00010000000020
1/26/2023 2:20:18 PM ITEM_READ:2023-01-26T14:20:18.430-0800:301454EC1C00008000000020
1/26/2023 2:20:18 PM ITEM_READ:2023-01-26T14:20:18.430-0800:301454EC1C00004000000006
1/26/2023 2:20:18 PM ITEM_READ:2023-01-26T14:20:18.430-0800:301454EC1C00010000000023
1/26/2023 2:20:18 PM ITEM_READ:2023-01-26T14:20:18.430-0800:301454EC1C00004000000062
1/26/2023 2:20:18 PM ITEM_READ:2023-01-26T14:20:18.430-0800:301454EC1C00004000000051
1/26/2023 2:20:18 PM ITEM_READ:2023-01-26T14:20:18.433-0800:301454EC1C0000C000000117
1/26/2023 2:20:18 PM ITEM_READ:2023-01-26T14:20:18.433-0800:301454EC1C00008000000013
1/26/2023 2:20:18 PM ITEM_READ:2023-01-26T14:20:18.433-0800:301454EC1C0000400000005D
1/26/2023 2:20:18 PM ITEM_READ:2023-01-26T14:20:18.433-0800:301454EC1C0000400000005F
1/26/2023 2:20:18 PM ITEM_READ:2023-01-26T14:20:18.433-0800:301454EC1C00008000000024
1/26/2023 2:20:18 PM ITEM_READ:2023-01-26T14:20:18.433-0800:301454EC1C0000C000000045
1/26/2023 2:20:18 PM ITEM_READ:2023-01-26T14:20:18.433-0800:301454EC1C0000C0000000D9
1/26/2023 2:20:18 PM ITEM_READ:2023-01-26T14:20:18.433-0800:301454EC1C0000400000004E
1/26/2023 2:20:18 PM ITEM_READ:2023-01-26T14:20:18.433-0800:301454EC1C00004000000079
1/26/2023 2:20:18 PM ITEM_READ:2023-01-26T14:20:18.433-0800:301454EC1C0000400000006B
1/26/2023 2:20:18 PM ITEM_READ:2023-01-26T14:20:18.433-0800:301454EC1C0001000000000A
1/26/2023 2:20:18 PM ITEM_READ:2023-01-26T14:20:18.433-0800:301454EC1C00008000000035
1/26/2023 2:20:18 PM ITEM_READ:2023-01-26T14:20:18.433-0800:301454EC1C0000800000001C
1/26/2023 2:20:18 PM ITEM_READ:2023-01-26T14:20:18.433-0800:301454EC1C00010000000010
1/26/2023 2:20:18 PM ITEM_READ:2023-01-26T14:20:18.546-0800:301454EC1C0000C000000027
1/26/2023 2:20:18 PM ITEM_READ:2023-01-26T14:20:18.546-0800:301454EC1C0000800000002A
1/26/2023 2:20:18 PM ITEM_READ:2023-01-26T14:20:18.546-0800:301454EC1C0000400000006E
1/26/2023 2:20:18 PM ITEM_READ:2023-01-26T14:20:18.546-0800:301454EC1C0001000000000C
1/26/2023 2:20:18 PM ITEM_READ:2023-01-26T14:20:18.546-0800:301454EC1C0000C000000031
1/26/2023 2:20:18 PM ITEM_READ:2023-01-26T14:20:18.546-0800:301454EC1C0000400000006C
1/26/2023 2:20:18 PM ITEM_READ:2023-01-26T14:20:18.546-0800:301454EC1C0000C0000000FB
1/26/2023 2:20:18 PM ITEM_READ:2023-01-26T14:20:18.546-0800:301454EC1C00004000000001
1/26/2023 2:20:18 PM ITEM_READ:2023-01-26T14:20:18.546-0800:301454EC1C0001000000001D
1/26/2023 2:20:18 PM ITEM_READ:2023-01-26T14:20:18.546-0800:301454EC1C00008000000027
1/26/2023 2:20:18 PM ITEM_READ:2023-01-26T14:20:18.546-0800:301454EC1C0000800000000A
1/26/2023 2:20:18 PM ITEM_READ:2023-01-26T14:20:18.546-0800:301454EC1C0001000000002B
1/26/2023 2:20:18 PM ITEM_READ:2023-01-26T14:20:18.546-0800:301454EC1C0000C00000002F
1/26/2023 2:20:18 PM ITEM_READ:2023-01-26T14:20:18.546-0800:301454EC1C0000C0000000F2
1/26/2023 2:20:18 PM ITEM_READ:2023-01-26T14:20:18.546-0800:301454EC1C0000C000000017
1/26/2023 2:20:18 PM ITEM_READ:2023-01-26T14:20:18.547-0800:301454EC1C00004000000061
1/26/2023 2:20:18 PM ITEM_READ:2023-01-26T14:20:18.547-0800:301454EC1C0001000000002F
1/26/2023 2:20:18 PM ITEM_READ:2023-01-26T14:20:18.547-0800:301454EC1C0000400000007A
1/26/2023 2:20:18 PM ITEM_READ:2023-01-26T14:20:18.547-0800:301454EC1C00004000000043
1/26/2023 2:20:18 PM ITEM_READ:2023-01-26T14:20:18.547-0800:301454EC1C00004000000039
1/26/2023 2:20:18 PM ITEM_READ:2023-01-26T14:20:18.547-0800:301454EC1C0000400000005B
1/26/2023 2:20:18 PM ITEM_READ:2023-01-26T14:20:18.547-0800:301454EC1C0000C0000000EC
1/26/2023 2:20:18 PM ITEM_READ:2023-01-26T14:20:18.547-0800:301454EC1C0000C000000103
1/26/2023 2:20:18 PM ITEM_READ:2023-01-26T14:20:18.547-0800:301454EC1C00008000000006
1/26/2023 2:20:18 PM ITEM_READ:2023-01-26T14:20:18.547-0800:301454EC1C0000C000000002
1/26/2023 2:20:18 PM ITEM_READ:2023-01-26T14:20:18.547-0800:301454EC1C00008000000029
1/26/2023 2:20:18 PM ITEM_READ:2023-01-26T14:20:18.726-0800:301454EC1C00004000000059
1/26/2023 2:20:18 PM ITEM_READ:2023-01-26T14:20:18.726-0800:301454EC1C0000C0000000F7
1/26/2023 2:20:18 PM ITEM_READ:2023-01-26T14:20:18.726-0800:301454EC1C0000C000000108
1/26/2023 2:20:18 PM ITEM_READ:2023-01-26T14:20:18.726-0800:301454EC1C00004000000071
1/26/2023 2:20:18 PM ITEM_READ:2023-01-26T14:20:18.726-0800:301454EC1C0000800000002D
1/26/2023 2:20:18 PM ITEM_READ:2023-01-26T14:20:18.726-0800:301454EC1C00004000000072
1/26/2023 2:20:18 PM ITEM_READ:2023-01-26T14:20:18.726-0800:301454EC1C0001000000000F
1/26/2023 2:20:18 PM ITEM_READ:2023-01-26T14:20:18.726-0800:301454EC1C0000C000000047
1/26/2023 2:20:18 PM ITEM_READ:2023-01-26T14:20:18.727-0800:301454EC1C0000800000002E
1/26/2023 2:20:18 PM ITEM_READ:2023-01-26T14:20:18.727-0800:301454EC1C0000C00000010F
1/26/2023 2:20:18 PM ITEM_READ:2023-01-26T14:20:18.727-0800:301454EC1C0000400000003F
1/26/2023 2:20:18 PM ITEM_READ:2023-01-26T14:20:18.727-0800:301454EC1C0000C00000002D
1/26/2023 2:20:18 PM ITEM_READ:2023-01-26T14:20:18.824-0800:301454EC1C0000C0000000F4
1/26/2023 2:20:18 PM ITEM_READ:2023-01-26T14:20:18.824-0800:301454EC1C0000C000000030
1/26/2023 2:20:18 PM ITEM_READ:2023-01-26T14:20:18.824-0800:301454EC1C0000C0000000E3
1/26/2023 2:20:18 PM ITEM_READ:2023-01-26T14:20:18.824-0800:301454EC1C00004000000058
1/26/2023 2:20:18 PM ITEM_READ:2023-01-26T14:20:18.824-0800:301454EC1C0000C00000010A
1/26/2023 2:20:18 PM ITEM_READ:2023-01-26T14:20:18.824-0800:301454EC1C0000400000003E
1/26/2023 2:20:18 PM ITEM_READ:2023-01-26T14:20:18.824-0800:301454EC1C00010000000017
1/26/2023 2:20:18 PM ITEM_READ:2023-01-26T14:20:18.824-0800:301454EC1C0000C00000001D
1/26/2023 2:20:18 PM ITEM_READ:2023-01-26T14:20:18.824-0800:301454EC1C00010000000004
1/26/2023 2:20:18 PM ITEM_READ:2023-01-26T14:20:18.824-0800:301454EC1C0000C000000039
1/26/2023 2:20:18 PM ITEM_READ:2023-01-26T14:20:18.824-0800:301454EC1C0000400000003C
1/26/2023 2:20:18 PM ITEM_READ:2023-01-26T14:20:18.824-0800:301454EC1C0000C000000119
1/26/2023 2:20:18 PM ITEM_READ:2023-01-26T14:20:18.824-0800:301454EC1C00004000000053
1/26/2023 2:20:18 PM ITEM_READ:2023-01-26T14:20:18.824-0800:301454EC1C0000C0000000EE
1/26/2023 2:20:18 PM ITEM_READ:2023-01-26T14:20:18.824-0800:301454EC1C0000400000005C
1/26/2023 2:20:18 PM ITEM_READ:2023-01-26T14:20:18.830-0800:301454EC1C0000C00000000B
1/26/2023 2:20:18 PM ITEM_READ:2023-01-26T14:20:18.830-0800:301454EC1C0000C00000010B
1/26/2023 2:20:18 PM ITEM_READ:2023-01-26T14:20:18.830-0800:301454EC1C00008000000039
1/26/2023 2:20:18 PM ITEM_READ:2023-01-26T14:20:18.830-0800:301454EC1C00004000000054
1/26/2023 2:20:18 PM ITEM_READ:2023-01-26T14:20:18.830-0800:301454EC1C00010000000031
1/26/2023 2:20:18 PM ITEM_READ:2023-01-26T14:20:18.830-0800:301454EC1C00008000000002
1/26/2023 2:20:18 PM ITEM_READ:2023-01-26T14:20:18.830-0800:301454EC1C0000C000000029
1/26/2023 2:20:18 PM ITEM_READ:2023-01-26T14:20:18.830-0800:301454EC1C0000C0000000EB
1/26/2023 2:20:18 PM ITEM_READ:2023-01-26T14:20:18.830-0800:301454EC1C00008000000011
1/26/2023 2:20:18 PM ITEM_READ:2023-01-26T14:20:18.830-0800:301454EC1C0000C000000003
1/26/2023 2:20:18 PM ITEM_READ:2023-01-26T14:20:18.830-0800:301454EC1C00004000000057
1/26/2023 2:20:18 PM ITEM_READ:2023-01-26T14:20:18.830-0800:301454EC1C0000C00000001C
1/26/2023 2:20:18 PM ITEM_READ:2023-01-26T14:20:18.830-0800:301454EC1C00010000000001
1/26/2023 2:20:18 PM ITEM_READ:2023-01-26T14:20:18.831-0800:301454EC1C0001000000001F
1/26/2023 2:20:18 PM ITEM_READ:2023-01-26T14:20:18.831-0800:301454EC1C00008000000004
1/26/2023 2:20:18 PM ITEM_READ:2023-01-26T14:20:18.831-0800:301454EC1C0000C000000106
1/26/2023 2:20:18 PM ITEM_READ:2023-01-26T14:20:18.831-0800:301454EC1C0000C00000011C
1/26/2023 2:20:18 PM ITEM_READ:2023-01-26T14:20:18.831-0800:301454EC1C0000C000000115
1/26/2023 2:20:18 PM ITEM_READ:2023-01-26T14:20:18.831-0800:301454EC1C0000C0000000E2
1/26/2023 2:20:18 PM ITEM_READ:2023-01-26T14:20:18.831-0800:301454EC1C0000C0000000DB
1/26/2023 2:20:18 PM ITEM_READ:2023-01-26T14:20:18.831-0800:301454EC1C0000800000000D
1/26/2023 2:20:18 PM ITEM_READ:2023-01-26T14:20:18.831-0800:301454EC1C00008000000005
1/26/2023 2:20:18 PM ITEM_READ:2023-01-26T14:20:18.831-0800:301454EC1C0000800000002F
1/26/2023 2:20:18 PM ITEM_READ:2023-01-26T14:20:18.831-0800:301454EC1C0000C000000016
1/26/2023 2:20:18 PM ITEM_READ:2023-01-26T14:20:18.831-0800:301454EC1C0000400000004B
1/26/2023 2:20:18 PM ITEM_READ:2023-01-26T14:20:18.831-0800:301454EC1C00010000000008
1/26/2023 2:20:18 PM ITEM_READ:2023-01-26T14:20:18.831-0800:301454EC1C00008000000015
1/26/2023 2:20:18 PM ITEM_READ:2023-01-26T14:20:18.831-0800:301454EC1C0001000000002D
1/26/2023 2:20:18 PM ITEM_READ:2023-01-26T14:20:18.831-0800:301454EC1C0000800000000E
1/26/2023 2:20:18 PM ITEM_READ:2023-01-26T14:20:18.831-0800:301454EC1C0000C00000001B
1/26/2023 2:20:18 PM ITEM_READ:2023-01-26T14:20:18.831-0800:301454EC1C0000800000000C
1/26/2023 2:20:19 PM ITEM_READ:2023-01-26T14:20:19.031-0800:301454EC1C0000800000001A
1/26/2023 2:20:19 PM ITEM_READ:2023-01-26T14:20:19.031-0800:301454EC1C0000400000005E
1/26/2023 2:20:19 PM ITEM_READ:2023-01-26T14:20:19.031-0800:301454EC1C0000800000002C
1/26/2023 2:20:19 PM ITEM_READ:2023-01-26T14:20:19.031-0800:301454EC1C00008000000031
1/26/2023 2:20:19 PM ITEM_READ:2023-01-26T14:20:19.031-0800:301454EC1C00010000000015
1/26/2023 2:20:19 PM ITEM_READ:2023-01-26T14:20:19.031-0800:301454EC1C00010000000036
1/26/2023 2:20:19 PM ITEM_READ:2023-01-26T14:20:19.031-0800:301454EC1C00008000000018
1/26/2023 2:20:19 PM ITEM_READ:2023-01-26T14:20:19.031-0800:301454EC1C0000C000000005
1/26/2023 2:20:19 PM ITEM_READ:2023-01-26T14:20:19.031-0800:301454EC1C0000C0000000F6
1/26/2023 2:20:19 PM ITEM_READ:2023-01-26T14:20:19.031-0800:301454EC1C00008000000003
1/26/2023 2:20:19 PM ITEM_READ:2023-01-26T14:20:19.031-0800:301454EC1C00008000000021
1/26/2023 2:20:19 PM ITEM_READ:2023-01-26T14:20:19.031-0800:301454EC1C0000800000000B
1/26/2023 2:20:19 PM ITEM_READ:2023-01-26T14:20:19.031-0800:301454EC1C00010000000034
1/26/2023 2:20:19 PM ITEM_READ:2023-01-26T14:20:19.031-0800:301454EC1C0000C00000002E
1/26/2023 2:20:19 PM ITEM_READ:2023-01-26T14:20:19.031-0800:301454EC1C00004000000048
1/26/2023 2:20:19 PM ITEM_READ:2023-01-26T14:20:19.037-0800:301454EC1C0000C000000100
1/26/2023 2:20:19 PM ITEM_READ:2023-01-26T14:20:19.037-0800:301454EC1C0000C0000000F5
1/26/2023 2:20:19 PM ITEM_READ:2023-01-26T14:20:19.037-0800:301454EC1C00004000000069
1/26/2023 2:20:19 PM ITEM_READ:2023-01-26T14:20:19.037-0800:301454EC1C0000800000001E
1/26/2023 2:20:19 PM ITEM_READ:2023-01-26T14:20:19.037-0800:301454EC1C0000C00000001F
1/26/2023 2:20:19 PM ITEM_READ:2023-01-26T14:20:19.037-0800:301454EC1C0000C000000014
1/26/2023 2:20:19 PM ITEM_READ:2023-01-26T14:20:19.037-0800:301454EC1C00004000000044
1/26/2023 2:20:19 PM ITEM_READ:2023-01-26T14:20:19.037-0800:301454EC1C00008000000007
1/26/2023 2:20:19 PM ITEM_READ:2023-01-26T14:20:19.037-0800:301454EC1C0000C000000104
1/26/2023 2:20:19 PM ITEM_READ:2023-01-26T14:20:19.037-0800:301454EC1C00004000000007
1/26/2023 2:20:19 PM ITEM_READ:2023-01-26T14:20:19.037-0800:301454EC1C0000C00000010D
1/26/2023 2:20:19 PM ITEM_READ:2023-01-26T14:20:19.037-0800:301454EC1C0000C000000041
1/26/2023 2:20:19 PM ITEM_READ:2023-01-26T14:20:19.037-0800:301454EC1C00004000000009
1/26/2023 2:20:19 PM ITEM_READ:2023-01-26T14:20:19.037-0800:301454EC1C00008000000017
1/26/2023 2:20:19 PM ITEM_READ:2023-01-26T14:20:19.037-0800:301454EC1C0000C000000105
1/26/2023 2:20:19 PM ITEM_READ:2023-01-26T14:20:19.037-0800:301454EC1C00010000000018
1/26/2023 2:20:19 PM ITEM_READ:2023-01-26T14:20:19.037-0800:301454EC1C00008000000016
1/26/2023 2:20:19 PM ITEM_READ:2023-01-26T14:20:19.037-0800:301454EC1C00008000000028
1/26/2023 2:20:19 PM ITEM_READ:2023-01-26T14:20:19.037-0800:301454EC1C00010000000014
1/26/2023 2:20:19 PM ITEM_READ:2023-01-26T14:20:19.037-0800:301454EC1C00008000000023
1/26/2023 2:20:19 PM ITEM_READ:2023-01-26T14:20:19.037-0800:301454EC1C0000800000002B
1/26/2023 2:20:19 PM ITEM_READ:2023-01-26T14:20:19.038-0800:301454EC1C0000400000000B
1/26/2023 2:20:19 PM ITEM_READ:2023-01-26T14:20:19.038-0800:301454EC1C00008000000036
1/26/2023 2:20:19 PM ITEM_READ:2023-01-26T14:20:19.038-0800:301454EC1C0000C000000042
1/26/2023 2:20:19 PM ITEM_READ:2023-01-26T14:20:19.038-0800:301454EC1C0000C00000000F
1/26/2023 2:20:19 PM ITEM_READ:2023-01-26T14:20:19.038-0800:301454EC1C0000400000003A
1/26/2023 2:20:19 PM ITEM_READ:2023-01-26T14:20:19.038-0800:301454EC1C0000C0000000FC
1/26/2023 2:20:19 PM ITEM_READ:2023-01-26T14:20:19.157-0800:301454EC1C00010000000037
1/26/2023 2:20:19 PM ITEM_READ:2023-01-26T14:20:19.157-0800:301454EC1C0000C0000000F0
1/26/2023 2:20:19 PM ITEM_READ:2023-01-26T14:20:19.157-0800:301454EC1C0000C000000110
1/26/2023 2:20:19 PM ITEM_READ:2023-01-26T14:20:19.157-0800:301454EC1C00010000000003
1/26/2023 2:20:19 PM ITEM_READ:2023-01-26T14:20:19.157-0800:301454EC1C0000C0000000FF
1/26/2023 2:20:19 PM ITEM_READ:2023-01-26T14:20:19.157-0800:301454EC1C00008000000037
1/26/2023 2:20:19 PM ITEM_READ:2023-01-26T14:20:19.157-0800:301454EC1C00010000000019
1/26/2023 2:20:19 PM ITEM_READ:2023-01-26T14:20:19.157-0800:301454EC1C00004000000003
1/26/2023 2:20:19 PM ITEM_READ:2023-01-26T14:20:19.157-0800:301454EC1C00008000000033
1/26/2023 2:20:19 PM ITEM_READ:2023-01-26T14:20:19.157-0800:301454EC1C00010000000009
1/26/2023 2:20:19 PM ITEM_READ:2023-01-26T14:20:19.157-0800:301454EC1C0000C000000008
1/26/2023 2:20:19 PM ITEM_READ:2023-01-26T14:20:19.157-0800:301454EC1C0000C0000000FD
1/26/2023 2:20:19 PM ITEM_READ:2023-01-26T14:20:19.157-0800:301454EC1C0000C000000048
1/26/2023 2:20:19 PM ITEM_READ:2023-01-26T14:20:19.157-0800:301454EC1C00008000000019
1/26/2023 2:20:19 PM ITEM_READ:2023-01-26T14:20:19.232-0800:301454EC1C00004000000055
1/26/2023 2:20:19 PM ITEM_READ:2023-01-26T14:20:19.232-0800:301454EC1C0001000000001C
1/26/2023 2:20:19 PM ITEM_READ:2023-01-26T14:20:19.232-0800:301454EC1C00004000000012
1/26/2023 2:20:19 PM ITEM_READ:2023-01-26T14:20:19.232-0800:301454EC1C00004000000077
1/26/2023 2:20:19 PM ITEM_READ:2023-01-26T14:20:19.232-0800:301454EC1C0000400000005A
1/26/2023 2:20:19 PM ITEM_READ:2023-01-26T14:20:19.232-0800:301454EC1C00010000000011
1/26/2023 2:20:19 PM ITEM_READ:2023-01-26T14:20:19.232-0800:301454EC1C0000C0000000F8
1/26/2023 2:20:19 PM ITEM_READ:2023-01-26T14:20:19.232-0800:301454EC1C00010000000025
1/26/2023 2:20:19 PM ITEM_READ:2023-01-26T14:20:19.232-0800:301454EC1C00008000000010
1/26/2023 2:20:19 PM ITEM_READ:2023-01-26T14:20:19.232-0800:301454EC1C00008000000022
1/26/2023 2:20:19 PM ITEM_READ:2023-01-26T14:20:19.232-0800:301454EC1C0001000000001B
1/26/2023 2:20:19 PM ITEM_READ:2023-01-26T14:20:19.232-0800:301454EC1C0000C000000033
1/26/2023 2:20:19 PM ITEM_READ:2023-01-26T14:20:19.232-0800:301454EC1C00004000000010
1/26/2023 2:20:19 PM ITEM_READ:2023-01-26T14:20:19.232-0800:301454EC1C00010000000039
1/26/2023 2:20:19 PM ITEM_READ:2023-01-26T14:20:19.232-0800:301454EC1C0000400000004A
1/26/2023 2:20:19 PM ITEM_READ:2023-01-26T14:20:19.235-0800:301454EC1C0000C000000025
1/26/2023 2:20:19 PM ITEM_READ:2023-01-26T14:20:19.235-0800:301454EC1C00004000000002
1/26/2023 2:20:19 PM ITEM_READ:2023-01-26T14:20:19.235-0800:301454EC1C00010000000029
1/26/2023 2:20:19 PM ITEM_READ:2023-01-26T14:20:19.235-0800:301454EC1C00004000000067
1/26/2023 2:20:19 PM ITEM_READ:2023-01-26T14:20:19.235-0800:301454EC1C0000C000000109
1/26/2023 2:20:19 PM ITEM_READ:2023-01-26T14:20:19.235-0800:301454EC1C0000C000000011
1/26/2023 2:20:19 PM ITEM_READ:2023-01-26T14:20:19.235-0800:301454EC1C0000C0000000E0
1/26/2023 2:20:19 PM ITEM_READ:2023-01-26T14:20:19.235-0800:301454EC1C0000C000000038
1/26/2023 2:20:19 PM ITEM_READ:2023-01-26T14:20:19.235-0800:301454EC1C0000C0000000E6
1/26/2023 2:20:19 PM ITEM_READ:2023-01-26T14:20:19.235-0800:301454EC1C00004000000011
1/26/2023 2:20:19 PM ITEM_READ:2023-01-26T14:20:19.235-0800:301454EC1C0000C00000002A
1/26/2023 2:20:19 PM ITEM_READ:2023-01-26T14:20:19.235-0800:301454EC1C0000800000000F
1/26/2023 2:20:19 PM ITEM_READ:2023-01-26T14:20:19.235-0800:301454EC1C00004000000017
1/26/2023 2:20:19 PM ITEM_READ:2023-01-26T14:20:19.371-0800:301454EC1C0000800000001B
1/26/2023 2:20:19 PM ITEM_READ:2023-01-26T14:20:19.371-0800:301454EC1C00008000000034
1/26/2023 2:20:19 PM ITEM_READ:2023-01-26T14:20:19.371-0800:301454EC1C00010000000026
1/26/2023 2:20:19 PM ITEM_READ:2023-01-26T14:20:19.371-0800:301454EC1C0000C000000015
1/26/2023 2:20:19 PM ITEM_READ:2023-01-26T14:20:19.371-0800:301454EC1C0000C00000011B
1/26/2023 2:20:19 PM ITEM_READ:2023-01-26T14:20:19.371-0800:301454EC1C0000800000003C
1/26/2023 2:20:19 PM ITEM_READ:2023-01-26T14:20:19.371-0800:301454EC1C0000C000000101
1/26/2023 2:20:19 PM ITEM_READ:2023-01-26T14:20:19.371-0800:301454EC1C0000800000001D
1/26/2023 2:20:19 PM ITEM_READ:2023-01-26T14:20:19.371-0800:301454EC1C0000C00000011A
1/26/2023 2:20:19 PM ITEM_READ:2023-01-26T14:20:19.371-0800:301454EC1C0000C000000046
1/26/2023 2:20:19 PM ITEM_READ:2023-01-26T14:20:19.371-0800:301454EC1C00008000000025
1/26/2023 2:20:19 PM ITEM_READ:2023-01-26T14:20:19.371-0800:301454EC1C00004000000014
1/26/2023 2:20:19 PM ITEM_READ:2023-01-26T14:20:19.371-0800:301454EC1C0000C000000118
1/26/2023 2:20:19 PM ITEM_READ:2023-01-26T14:20:19.371-0800:301454EC1C0000C0000000EA
1/26/2023 2:20:19 PM ITEM_READ:2023-01-26T14:20:19.371-0800:301454EC1C0000C0000000E7
1/26/2023 2:20:19 PM ITEM_READ:2023-01-26T14:20:19.373-0800:301454EC1C0000C000000001
1/26/2023 2:20:19 PM ITEM_READ:2023-01-26T14:20:19.373-0800:301454EC1C0001000000001E
1/26/2023 2:20:19 PM ITEM_READ:2023-01-26T14:20:19.373-0800:301454EC1C00010000000024
1/26/2023 2:20:19 PM ITEM_READ:2023-01-26T14:20:19.373-0800:301454EC1C0000400000000F
1/26/2023 2:20:19 PM ITEM_READ:2023-01-26T14:20:19.373-0800:301454EC1C0000C0000000FA
1/26/2023 2:20:19 PM ITEM_READ:2023-01-26T14:20:19.373-0800:301454EC1C0000C000000023
1/26/2023 2:20:19 PM ITEM_READ:2023-01-26T14:20:19.373-0800:301454EC1C0000C000000024
1/26/2023 2:20:19 PM ITEM_READ:2023-01-26T14:20:19.373-0800:301454EC1C0001000000000E
1/26/2023 2:20:19 PM ITEM_READ:2023-01-26T14:20:19.373-0800:301454EC1C00010000000006
1/26/2023 2:20:19 PM ITEM_READ:2023-01-26T14:20:19.373-0800:301454EC1C00010000000007
1/26/2023 2:20:19 PM ITEM_READ:2023-01-26T14:20:19.373-0800:301454EC1C0000C0000000E9
1/26/2023 2:20:19 PM ITEM_READ:2023-01-26T14:20:19.373-0800:301454EC1C0000C000000021
1/26/2023 2:20:19 PM ITEM_READ:2023-01-26T14:20:19.373-0800:301454EC1C00004000000004
1/26/2023 2:20:19 PM ITEM_READ:2023-01-26T14:20:19.373-0800:301454EC1C0000C00000001A
1/26/2023 2:20:19 PM ITEM_READ:2023-01-26T14:20:19.373-0800:301454EC1C0000C0000000F9
1/26/2023 2:20:19 PM ITEM_READ:2023-01-26T14:20:19.481-0800:301454EC1C00008000000001
1/26/2023 2:20:19 PM ITEM_READ:2023-01-26T14:20:19.481-0800:301454EC1C00008000000038
1/26/2023 2:20:19 PM ITEM_READ:2023-01-26T14:20:19.481-0800:301454EC1C00008000000014
1/26/2023 2:20:19 PM ITEM_READ:2023-01-26T14:20:19.481-0800:301454EC1C0000C0000000DC
1/26/2023 2:20:19 PM ITEM_READ:2023-01-26T14:20:19.481-0800:301454EC1C00010000000005
1/26/2023 2:20:19 PM ITEM_READ:2023-01-26T14:20:19.481-0800:301454EC1C0000800000003A
1/26/2023 2:20:19 PM ITEM_READ:2023-01-26T14:20:19.481-0800:301454EC1C0000C000000040
1/26/2023 2:20:19 PM ITEM_READ:2023-01-26T14:20:19.481-0800:301454EC1C0000C0000000E4
1/26/2023 2:20:19 PM ITEM_READ:2023-01-26T14:20:19.481-0800:301454EC1C0000C00000003F
1/26/2023 2:20:19 PM ITEM_READ:2023-01-26T14:20:19.481-0800:301454EC1C0000C00000011D
1/26/2023 2:20:19 PM ITEM_READ:2023-01-26T14:20:19.481-0800:301454EC1C0000C0000000ED
1/26/2023 2:20:19 PM ITEM_READ:2023-01-26T14:20:19.481-0800:301454EC1C00008000000030
1/26/2023 2:20:19 PM ITEM_READ:2023-01-26T14:20:19.481-0800:301454EC1C0000C00000003B
1/26/2023 2:20:19 PM ITEM_READ:2023-01-26T14:20:19.638-0800:301454EC1C0000C0000000DE
1/26/2023 2:20:19 PM ITEM_READ:2023-01-26T14:20:19.638-0800:301454EC1C00010000000016
1/26/2023 2:20:19 PM ITEM_READ:2023-01-26T14:20:19.638-0800:301454EC1C0000C000000120
1/26/2023 2:20:19 PM ITEM_READ:2023-01-26T14:20:19.638-0800:301454EC1C0000C00000003E
1/26/2023 2:20:19 PM ITEM_READ:2023-01-26T14:20:19.638-0800:301454EC1C00008000000012
1/26/2023 2:20:19 PM ITEM_READ:2023-01-26T14:20:19.638-0800:301454EC1C0000C00000002B
1/26/2023 2:20:19 PM ITEM_READ:2023-01-26T14:20:19.638-0800:301454EC1C0000C00000000A
1/26/2023 2:20:19 PM ITEM_READ:2023-01-26T14:20:19.638-0800:301454EC1C00004000000049
1/26/2023 2:20:19 PM ITEM_READ:2023-01-26T14:20:19.638-0800:301454EC1C0000C000000012
1/26/2023 2:20:19 PM ITEM_READ:2023-01-26T14:20:19.638-0800:301454EC1C0000C00000011E
1/26/2023 2:20:19 PM ITEM_READ:2023-01-26T14:20:19.638-0800:301454EC1C00008000000032
1/26/2023 2:20:19 PM ITEM_READ:2023-01-26T14:20:19.638-0800:301454EC1C0000C0000000F3
1/26/2023 2:20:19 PM ITEM_READ:2023-01-26T14:20:19.638-0800:301454EC1C00004000000013
1/26/2023 2:20:19 PM ITEM_READ:2023-01-26T14:20:19.638-0800:301454EC1C0000C00000003C
1/26/2023 2:20:19 PM ITEM_READ:2023-01-26T14:20:19.638-0800:301454EC1C0000C000000114
1/26/2023 2:20:19 PM ITEM_READ:2023-01-26T14:20:19.642-0800:301454EC1C0000C000000026
1/26/2023 2:20:19 PM ITEM_READ:2023-01-26T14:20:19.642-0800:301454EC1C0000400000000A
1/26/2023 2:20:19 PM ITEM_READ:2023-01-26T14:20:19.642-0800:301454EC1C00010000000012
1/26/2023 2:20:19 PM ITEM_READ:2023-01-26T14:20:19.642-0800:301454EC1C0000C00000003D
1/26/2023 2:20:19 PM ITEM_READ:2023-01-26T14:20:19.642-0800:301454EC1C0000C000000107
1/26/2023 2:20:19 PM ITEM_READ:2023-01-26T14:20:19.642-0800:301454EC1C0000C0000000DA
1/26/2023 2:20:19 PM ITEM_READ:2023-01-26T14:20:19.642-0800:301454EC1C0000400000000D
1/26/2023 2:20:19 PM ITEM_READ:2023-01-26T14:20:19.642-0800:301454EC1C0000C000000018
1/26/2023 2:20:19 PM ITEM_READ:2023-01-26T14:20:19.642-0800:301454EC1C0000C0000000E1
1/26/2023 2:20:19 PM ITEM_READ:2023-01-26T14:20:19.642-0800:301454EC1C0000C00000000D
1/26/2023 2:20:19 PM ITEM_READ:2023-01-26T14:20:19.642-0800:301454EC1C00010000000002
1/26/2023 2:20:19 PM ITEM_READ:2023-01-26T14:20:19.642-0800:301454EC1C0000C000000113
1/26/2023 2:20:19 PM ITEM_READ:2023-01-26T14:20:19.642-0800:301454EC1C0000C0000000E5
1/26/2023 2:20:19 PM ITEM_READ:2023-01-26T14:20:19.642-0800:301454EC1C0000C000000036
1/26/2023 2:20:19 PM ITEM_READ:2023-01-26T14:20:19.642-0800:301454EC1C0000C000000009
1/26/2023 2:20:19 PM ITEM_READ:2023-01-26T14:20:19.642-0800:301454EC1C00004000000042
1/26/2023 2:20:19 PM ITEM_READ:2023-01-26T14:20:19.642-0800:301454EC1C00004000000008
1/26/2023 2:20:19 PM ITEM_READ:2023-01-26T14:20:19.642-0800:301454EC1C0000C00000000E
1/26/2023 2:20:19 PM ITEM_READ:2023-01-26T14:20:19.642-0800:301454EC1C0000C000000043
1/26/2023 2:20:19 PM ITEM_READ:2023-01-26T14:20:19.642-0800:301454EC1C0001000000002C
1/26/2023 2:20:19 PM ITEM_READ:2023-01-26T14:20:19.642-0800:301454EC1C0000C000000019
1/26/2023 2:20:19 PM ITEM_READ:2023-01-26T14:20:19.642-0800:301454EC1C0000C0000000DD
1/26/2023 2:20:19 PM ITEM_READ:2023-01-26T14:20:19.697-0800:301454EC1C0000C000000010
1/26/2023 2:20:19 PM ITEM_READ:2023-01-26T14:20:19.697-0800:301454EC1C0000C000000044
1/26/2023 2:20:19 PM ITEM_READ:2023-01-26T14:20:19.697-0800:301454EC1C0000C000000013
1/26/2023 2:20:19 PM ITEM_READ:2023-01-26T14:20:19.697-0800:301454EC1C0000400000000C
1/26/2023 2:20:19 PM ITEM_READ:2023-01-26T14:20:19.697-0800:301454EC1C0000C000000037
1/26/2023 2:20:19 PM ITEM_READ:2023-01-26T14:20:19.697-0800:301454EC1C00004000000016
1/26/2023 2:20:19 PM ITEM_READ:2023-01-26T14:20:19.697-0800:301454EC1C0000C000000035
1/26/2023 2:20:24 PM INFO:READING_COMPLETED::0
1/26/2023 2:20:24 PM INFO:READY
